now,stage,power,voltage,current,resistance,temperature,last.power,last.voltage,last.current,last.resistance,last.temperature
0.000,,0.00,0.00,0.00,0.000,0.0,0.00,0.00,0.00,0.000,0.0
0.000,warmUp,3.45,2.30,1.50,1.533,26.0,0.00,0.00,0.00,0.000,0.0
1.350,warmUp,28.92,6.68,4.33,1.543,27.6,3.45,2.30,1.50,1.533,26.0
2.702,warmUp,28.75,6.67,4.31,1.548,28.4,28.92,6.68,4.33,1.543,27.6
5.002,warmUp,28.61,6.67,4.29,1.555,29.6,28.75,6.67,4.31,1.548,28.4
7.502,warmUp,28.81,6.70,4.30,1.558,30.2,28.61,6.67,4.29,1.555,29.6
10.001,warmUp,28.79,6.71,4.29,1.564,31.2,28.81,6.70,4.30,1.558,30.2
12.502,warmUp,28.72,6.71,4.28,1.568,31.8,28.79,6.71,4.29,1.564,31.2
15.001,warmUp,28.74,6.73,4.27,1.576,33.3,28.72,6.71,4.28,1.568,31.8
17.502,warmUp,28.89,6.75,4.28,1.577,33.4,28.74,6.73,4.27,1.576,33.3
20.002,warmUp,28.82,6.75,4.27,1.581,34.1,28.89,6.75,4.28,1.577,33.4
22.502,warmUp,28.75,6.75,4.26,1.585,34.7,28.82,6.75,4.27,1.581,34.1
25.002,warmUp,28.69,6.75,4.25,1.588,35.3,28.75,6.75,4.26,1.585,34.7
27.502,warmUp,28.73,6.76,4.25,1.591,35.7,28.69,6.75,4.25,1.588,35.3
30.002,warmUp,28.77,6.77,4.25,1.593,36.1,28.73,6.76,4.25,1.591,35.7
32.502,warmUp,28.68,6.78,4.23,1.603,37.8,28.77,6.77,4.25,1.593,36.1
35.002,warmUp,28.72,6.79,4.23,1.605,38.2,28.68,6.78,4.23,1.603,37.8
37.503,warmUp,28.76,6.80,4.23,1.608,38.6,28.72,6.79,4.23,1.605,38.2
40.001,warmUp,28.70,6.80,4.22,1.611,39.3,28.76,6.80,4.23,1.608,38.6
42.502,warmUp,28.74,6.81,4.22,1.614,39.7,28.70,6.80,4.22,1.611,39.3
45.001,warmUp,28.75,6.83,4.21,1.622,41.1,28.74,6.81,4.22,1.614,39.7
47.502,warmUp,28.75,6.83,4.21,1.622,41.1,28.75,6.83,4.21,1.622,41.1
50.001,warmUp,28.69,6.83,4.20,1.626,41.8,28.75,6.83,4.21,1.622,41.1
52.502,warmUp,28.73,6.84,4.20,1.629,42.2,28.69,6.83,4.20,1.626,41.8
55.002,warmUp,28.70,6.85,4.19,1.635,43.2,28.73,6.84,4.20,1.629,42.2
57.502,warmUp,28.79,6.87,4.19,1.640,44.1,28.70,6.85,4.19,1.635,43.2
60.001,warmUp,28.83,6.88,4.19,1.642,44.5,28.79,6.87,4.19,1.640,44.1
62.502,warmUp,28.76,6.88,4.18,1.646,45.1,28.83,6.88,4.19,1.642,44.5
65.001,warmUp,28.76,6.88,4.18,1.646,45.1,28.76,6.88,4.18,1.646,45.1
67.501,warmUp,28.69,6.88,4.17,1.650,45.8,28.76,6.88,4.18,1.646,45.1
70.002,warmUp,28.73,6.89,4.17,1.652,46.2,28.69,6.88,4.17,1.650,45.8
72.502,warmUp,28.81,6.91,4.17,1.657,47.0,28.73,6.89,4.17,1.652,46.2
75.002,warmUp,28.86,6.92,4.17,1.659,47.4,28.81,6.91,4.17,1.657,47.0
77.502,warmUp,28.79,6.92,4.16,1.663,48.1,28.86,6.92,4.17,1.659,47.4
80.001,warmUp,28.72,6.92,4.15,1.667,48.8,28.79,6.92,4.16,1.663,48.1
82.502,warmUp,28.80,6.94,4.15,1.672,49.6,28.72,6.92,4.15,1.667,48.8
85.002,warmUp,28.84,6.95,4.15,1.675,50.0,28.80,6.94,4.15,1.672,49.6
87.502,warmUp,28.84,6.95,4.15,1.675,50.0,28.84,6.95,4.15,1.675,50.0
90.002,warmUp,28.77,6.95,4.14,1.679,50.7,28.84,6.95,4.15,1.675,50.0
92.502,warmUp,28.81,6.96,4.14,1.681,51.1,28.77,6.95,4.14,1.679,50.7
95.001,warmUp,28.74,6.96,4.13,1.685,51.8,28.81,6.96,4.14,1.681,51.1
97.502,warmUp,28.72,6.97,4.12,1.692,52.9,28.74,6.96,4.13,1.685,51.8
100.001,warmUp,28.52,6.99,4.08,1.713,56.6,28.72,6.97,4.12,1.692,52.9
102.502,warmUp,28.71,7.02,4.09,1.716,57.1,28.52,6.99,4.08,1.713,56.6
105.002,warmUp,28.93,7.04,4.11,1.713,56.5,28.71,7.02,4.09,1.716,57.1
107.502,warmUp,28.75,7.03,4.09,1.719,57.5,28.93,7.04,4.11,1.713,56.5
110.001,warmUp,28.79,7.04,4.09,1.721,57.9,28.75,7.03,4.09,1.719,57.5
112.502,warmUp,28.79,7.04,4.09,1.721,57.9,28.79,7.04,4.09,1.721,57.9
115.001,warmUp,28.72,7.04,4.08,1.725,58.6,28.79,7.04,4.09,1.721,57.9
117.502,warmUp,28.83,7.05,4.09,1.724,58.3,28.72,7.04,4.08,1.725,58.6
120.002,warmUp,28.76,7.05,4.08,1.728,59.1,28.83,7.05,4.09,1.724,58.3
122.502,warmUp,28.76,7.05,4.08,1.728,59.1,28.76,7.05,4.08,1.728,59.1
125.002,warmUp,28.69,7.05,4.07,1.732,59.8,28.76,7.05,4.08,1.728,59.1
127.502,warmUp,28.73,7.06,4.07,1.735,60.2,28.69,7.05,4.07,1.732,59.8
130.002,warmUp,28.82,7.08,4.07,1.740,61.0,28.73,7.06,4.07,1.735,60.2
132.501,warmUp,28.77,7.07,4.07,1.737,60.6,28.82,7.08,4.07,1.740,61.0
135.001,warmUp,28.70,7.07,4.06,1.741,61.3,28.77,7.07,4.07,1.737,60.6
137.501,warmUp,28.67,7.08,4.05,1.748,62.5,28.70,7.07,4.06,1.741,61.3
140.001,warmUp,28.90,7.10,4.07,1.744,61.9,28.67,7.08,4.05,1.748,62.5
142.502,warmUp,28.71,7.09,4.05,1.751,62.9,28.90,7.10,4.07,1.744,61.9
145.002,warmUp,28.75,7.10,4.05,1.753,63.3,28.71,7.09,4.05,1.751,62.9
147.502,warmUp,28.84,7.12,4.05,1.758,64.2,28.75,7.10,4.05,1.753,63.3
150.002,warmUp,28.84,7.12,4.05,1.758,64.2,28.84,7.12,4.05,1.758,64.2
152.502,warmUp,28.76,7.12,4.04,1.762,64.9,28.84,7.12,4.05,1.758,64.2
155.002,warmUp,28.76,7.12,4.04,1.762,64.9,28.76,7.12,4.04,1.762,64.9
157.502,warmUp,28.69,7.12,4.03,1.767,65.6,28.76,7.12,4.04,1.762,64.9
160.002,warmUp,28.73,7.13,4.03,1.769,66.1,28.69,7.12,4.03,1.767,65.6
162.502,warmUp,28.85,7.14,4.04,1.767,65.7,28.73,7.13,4.03,1.769,66.1
165.001,warmUp,28.66,7.13,4.02,1.774,66.8,28.85,7.14,4.04,1.767,65.7
167.502,warmUp,28.81,7.15,4.03,1.774,66.9,28.66,7.13,4.02,1.774,66.8
170.001,warmUp,28.81,7.15,4.03,1.774,66.9,28.81,7.15,4.03,1.774,66.9
172.502,warmUp,28.78,7.16,4.02,1.781,68.1,28.81,7.15,4.03,1.774,66.9
175.002,warmUp,28.90,7.17,4.03,1.779,67.8,28.78,7.16,4.02,1.781,68.1
177.501,warmUp,28.82,7.17,4.02,1.784,68.5,28.90,7.17,4.03,1.779,67.8
180.002,warmUp,28.82,7.17,4.02,1.784,68.5,28.82,7.17,4.02,1.784,68.5
182.502,warmUp,28.75,7.17,4.01,1.788,69.3,28.82,7.17,4.02,1.784,68.5
185.002,warmUp,28.79,7.18,4.01,1.791,69.7,28.75,7.17,4.01,1.788,69.3
187.502,warmUp,28.79,7.18,4.01,1.791,69.7,28.79,7.18,4.01,1.791,69.7
190.002,warmUp,28.79,7.18,4.01,1.791,69.7,28.79,7.18,4.01,1.791,69.7
192.502,warmUp,28.72,7.18,4.00,1.795,70.4,28.79,7.18,4.01,1.791,69.7
195.001,warmUp,28.80,7.20,4.00,1.800,71.3,28.72,7.18,4.00,1.795,70.4
197.502,warmUp,28.91,7.21,4.01,1.798,71.0,28.80,7.20,4.00,1.800,71.3
200.002,warmUp,28.84,7.21,4.00,1.802,71.7,28.91,7.21,4.01,1.798,71.0
202.502,warmUp,28.84,7.21,4.00,1.802,71.7,28.84,7.21,4.00,1.802,71.7
205.002,warmUp,28.77,7.21,3.99,1.807,72.5,28.84,7.21,4.00,1.802,71.7
207.501,warmUp,28.77,7.21,3.99,1.807,72.5,28.77,7.21,3.99,1.807,72.5
210.001,warmUp,28.70,7.21,3.98,1.812,73.3,28.77,7.21,3.99,1.807,72.5
212.501,warmUp,28.85,7.23,3.99,1.812,73.3,28.70,7.21,3.98,1.812,73.3
215.002,warmUp,28.74,7.22,3.98,1.814,73.7,28.85,7.23,3.99,1.812,73.3
217.502,warmUp,28.89,7.24,3.99,1.815,73.8,28.74,7.22,3.98,1.814,73.7
220.002,warmUp,28.78,7.23,3.98,1.817,74.1,28.89,7.24,3.99,1.815,73.8
222.502,warmUp,28.82,7.24,3.98,1.819,74.5,28.78,7.23,3.98,1.817,74.1
225.000,warmUp,28.86,7.25,3.98,1.822,75.0,28.82,7.24,3.98,1.819,74.5
227.502,warmUp,28.86,7.25,3.98,1.822,75.0,28.86,7.25,3.98,1.822,75.0
230.003,warmUp,28.86,7.25,3.98,1.822,75.0,28.86,7.25,3.98,1.822,75.0
232.502,warmUp,28.78,7.25,3.97,1.826,75.7,28.86,7.25,3.98,1.822,75.0
235.002,warmUp,28.71,7.25,3.96,1.831,76.5,28.78,7.25,3.97,1.826,75.7
237.502,warmUp,28.82,7.26,3.97,1.829,76.2,28.71,7.25,3.96,1.831,76.5
240.002,warmUp,28.75,7.26,3.96,1.833,77.0,28.82,7.26,3.97,1.829,76.2
242.501,warmUp,28.90,7.28,3.97,1.834,77.0,28.75,7.26,3.96,1.833,77.0
245.002,warmUp,28.90,7.28,3.97,1.834,77.0,28.90,7.28,3.97,1.834,77.0
247.502,warmUp,28.83,7.28,3.96,1.838,77.8,28.90,7.28,3.97,1.834,77.0
250.002,warmUp,28.94,7.29,3.97,1.836,77.5,28.83,7.28,3.96,1.838,77.8
252.502,warmUp,28.83,7.28,3.96,1.838,77.8,28.94,7.29,3.97,1.836,77.5
255.001,warmUp,28.87,7.29,3.96,1.841,78.2,28.83,7.28,3.96,1.838,77.8
257.502,warmUp,28.87,7.29,3.96,1.841,78.2,28.87,7.29,3.96,1.841,78.2
260.002,warmUp,28.80,7.29,3.95,1.846,79.0,28.87,7.29,3.96,1.841,78.2
262.502,warmUp,28.80,7.29,3.95,1.846,79.0,28.80,7.29,3.95,1.846,79.0
265.002,warmUp,28.80,7.29,3.95,1.846,79.0,28.80,7.29,3.95,1.846,79.0
267.502,warmUp,28.72,7.29,3.94,1.850,79.8,28.80,7.29,3.95,1.846,79.0
270.002,warmUp,28.87,7.31,3.95,1.851,79.9,28.72,7.29,3.94,1.850,79.8
272.501,warmUp,28.76,7.30,3.94,1.853,80.3,28.87,7.31,3.95,1.851,79.9
275.002,warmUp,28.91,7.32,3.95,1.853,80.3,28.76,7.30,3.94,1.853,80.3
277.502,warmUp,28.84,7.32,3.94,1.858,81.1,28.91,7.32,3.95,1.853,80.3
280.002,warmUp,28.95,7.33,3.95,1.856,80.8,28.84,7.32,3.94,1.858,81.1
282.502,warmUp,28.84,7.32,3.94,1.858,81.1,28.95,7.33,3.95,1.856,80.8
285.002,warmUp,28.88,7.33,3.94,1.860,81.6,28.84,7.32,3.94,1.858,81.1
287.502,warmUp,28.88,7.33,3.94,1.860,81.6,28.88,7.33,3.94,1.860,81.6
290.001,warmUp,28.88,7.33,3.94,1.860,81.6,28.88,7.33,3.94,1.860,81.6
292.502,warmUp,28.81,7.33,3.93,1.865,82.4,28.88,7.33,3.94,1.860,81.6
295.001,warmUp,28.81,7.33,3.93,1.865,82.4,28.81,7.33,3.93,1.865,82.4
297.501,warmUp,28.81,7.33,3.93,1.865,82.4,28.81,7.33,3.93,1.865,82.4
300.001,warmUp,28.81,7.33,3.93,1.865,82.4,28.81,7.33,3.93,1.865,82.4
302.501,warmUp,28.73,7.33,3.92,1.870,83.2,28.81,7.33,3.93,1.865,82.4
305.002,warmUp,28.85,7.34,3.93,1.868,82.8,28.73,7.33,3.92,1.870,83.2
307.502,warmUp,28.66,7.33,3.91,1.875,84.0,28.85,7.34,3.93,1.868,82.8
310.002,warmUp,28.92,7.36,3.93,1.873,83.7,28.66,7.33,3.91,1.875,84.0
312.502,warmUp,28.77,7.34,3.92,1.872,83.6,28.92,7.36,3.93,1.873,83.7
315.002,warmUp,28.70,7.34,3.91,1.877,84.4,28.77,7.34,3.92,1.872,83.6
317.502,warmUp,28.85,7.36,3.92,1.878,84.5,28.70,7.34,3.91,1.877,84.4
320.002,warmUp,28.85,7.36,3.92,1.878,84.5,28.85,7.36,3.92,1.878,84.5
322.502,warmUp,28.78,7.36,3.91,1.882,85.3,28.85,7.36,3.92,1.878,84.5
325.002,warmUp,28.89,7.37,3.92,1.880,84.9,28.78,7.36,3.91,1.882,85.3
327.502,warmUp,28.85,7.36,3.92,1.878,84.5,28.89,7.37,3.92,1.880,84.9
330.002,warmUp,28.78,7.36,3.91,1.882,85.3,28.85,7.36,3.92,1.878,84.5
332.502,warmUp,28.78,7.36,3.91,1.882,85.3,28.78,7.36,3.91,1.882,85.3
335.002,warmUp,28.82,7.37,3.91,1.885,85.7,28.78,7.36,3.91,1.882,85.3
337.501,warmUp,28.78,7.36,3.91,1.882,85.3,28.82,7.37,3.91,1.885,85.7
340.001,warmUp,28.74,7.37,3.90,1.890,86.5,28.78,7.36,3.91,1.882,85.3
342.502,warmUp,28.86,7.38,3.91,1.887,86.2,28.74,7.37,3.90,1.890,86.5
345.002,warmUp,28.70,7.36,3.90,1.887,86.1,28.86,7.38,3.91,1.887,86.2
347.502,warmUp,28.63,7.36,3.89,1.892,86.9,28.70,7.36,3.90,1.887,86.1
350.001,warmUp,28.78,7.38,3.90,1.892,87.0,28.63,7.36,3.89,1.892,86.9
352.502,warmUp,28.78,7.38,3.90,1.892,87.0,28.78,7.38,3.90,1.892,87.0
355.001,warmUp,28.78,7.38,3.90,1.892,87.0,28.78,7.38,3.90,1.892,87.0
357.502,warmUp,28.71,7.38,3.89,1.897,87.8,28.78,7.38,3.90,1.892,87.0
360.002,warmUp,28.82,7.39,3.90,1.895,87.4,28.71,7.38,3.89,1.897,87.8
362.502,warmUp,28.82,7.39,3.90,1.895,87.4,28.82,7.39,3.90,1.895,87.4
365.002,warmUp,28.75,7.39,3.89,1.900,88.2,28.82,7.39,3.90,1.895,87.4
367.501,warmUp,28.90,7.41,3.90,1.900,88.3,28.75,7.39,3.89,1.900,88.2
370.001,warmUp,28.90,7.41,3.90,1.900,88.3,28.90,7.41,3.90,1.900,88.3
372.502,warmUp,28.82,7.41,3.89,1.905,89.1,28.90,7.41,3.90,1.900,88.3
375.002,warmUp,28.94,7.42,3.90,1.903,88.7,28.82,7.41,3.89,1.905,89.1
377.502,warmUp,28.82,7.41,3.89,1.905,89.1,28.94,7.42,3.90,1.903,88.7
380.002,warmUp,28.86,7.42,3.89,1.907,89.5,28.82,7.41,3.89,1.905,89.1
382.502,warmUp,28.86,7.42,3.89,1.907,89.5,28.86,7.42,3.89,1.907,89.5
385.002,warmUp,28.86,7.42,3.89,1.907,89.5,28.86,7.42,3.89,1.907,89.5
387.502,warmUp,28.86,7.42,3.89,1.907,89.5,28.86,7.42,3.89,1.907,89.5
390.002,warmUp,28.79,7.42,3.88,1.912,90.4,28.86,7.42,3.89,1.907,89.5
392.502,warmUp,28.79,7.42,3.88,1.912,90.4,28.79,7.42,3.88,1.912,90.4
395.002,warmUp,28.79,7.42,3.88,1.912,90.4,28.79,7.42,3.88,1.912,90.4
397.501,warmUp,28.79,7.42,3.88,1.912,90.4,28.79,7.42,3.88,1.912,90.4
400.001,warmUp,28.79,7.42,3.88,1.912,90.4,28.79,7.42,3.88,1.912,90.4
402.502,warmUp,28.72,7.42,3.87,1.917,91.2,28.79,7.42,3.88,1.912,90.4
405.002,warmUp,28.87,7.44,3.88,1.918,91.3,28.72,7.42,3.87,1.917,91.2
407.501,warmUp,28.83,7.43,3.88,1.915,90.8,28.87,7.44,3.88,1.918,91.3
410.001,warmUp,28.75,7.43,3.87,1.920,91.7,28.83,7.43,3.88,1.915,90.8
412.502,warmUp,28.87,7.44,3.88,1.918,91.3,28.75,7.43,3.87,1.920,91.7
415.001,warmUp,28.75,7.43,3.87,1.920,91.7,28.87,7.44,3.88,1.918,91.3
417.501,warmUp,28.91,7.45,3.88,1.920,91.7,28.75,7.43,3.87,1.920,91.7
420.002,warmUp,28.83,7.45,3.87,1.925,92.5,28.91,7.45,3.88,1.920,91.7
422.501,warmUp,28.94,7.46,3.88,1.923,92.1,28.83,7.45,3.87,1.925,92.5
425.002,warmUp,28.83,7.45,3.87,1.925,92.5,28.94,7.46,3.88,1.923,92.1
427.502,warmUp,28.94,7.46,3.88,1.923,92.1,28.83,7.45,3.87,1.925,92.5
430.002,warmUp,28.79,7.44,3.87,1.922,92.1,28.94,7.46,3.88,1.923,92.1
432.501,warmUp,28.83,7.45,3.87,1.925,92.5,28.79,7.44,3.87,1.922,92.1
435.001,warmUp,28.87,7.46,3.87,1.928,93.0,28.83,7.45,3.87,1.925,92.5
437.502,warmUp,28.87,7.46,3.87,1.928,93.0,28.87,7.46,3.87,1.928,93.0
440.002,warmUp,28.87,7.46,3.87,1.928,93.0,28.87,7.46,3.87,1.928,93.0
442.502,warmUp,28.87,7.46,3.87,1.928,93.0,28.87,7.46,3.87,1.928,93.0
445.002,warmUp,28.80,7.46,3.86,1.933,93.8,28.87,7.46,3.87,1.928,93.0
447.502,warmUp,28.80,7.46,3.86,1.933,93.8,28.80,7.46,3.86,1.933,93.8
450.001,warmUp,28.80,7.46,3.86,1.933,93.8,28.80,7.46,3.86,1.933,93.8
452.501,warmUp,28.80,7.46,3.86,1.933,93.8,28.80,7.46,3.86,1.933,93.8
455.002,warmUp,28.80,7.46,3.86,1.933,93.8,28.80,7.46,3.86,1.933,93.8
457.502,warmUp,28.72,7.46,3.85,1.938,94.7,28.80,7.46,3.86,1.933,93.8
460.002,warmUp,28.83,7.47,3.86,1.935,94.3,28.72,7.46,3.85,1.938,94.7
462.502,warmUp,28.76,7.47,3.85,1.940,95.1,28.83,7.47,3.86,1.935,94.3
465.002,warmUp,28.91,7.49,3.86,1.940,95.1,28.76,7.47,3.85,1.940,95.1
467.503,warmUp,28.91,7.49,3.86,1.940,95.1,28.91,7.49,3.86,1.940,95.1
470.002,warmUp,28.91,7.49,3.86,1.940,95.1,28.91,7.49,3.86,1.940,95.1
472.502,warmUp,28.91,7.49,3.86,1.940,95.1,28.91,7.49,3.86,1.940,95.1
475.002,warmUp,28.84,7.49,3.85,1.945,96.0,28.91,7.49,3.86,1.940,95.1
477.501,warmUp,28.95,7.50,3.86,1.943,95.6,28.84,7.49,3.85,1.945,96.0
480.002,warmUp,28.84,7.49,3.85,1.945,96.0,28.95,7.50,3.86,1.943,95.6
482.502,warmUp,28.95,7.50,3.86,1.943,95.6,28.84,7.49,3.85,1.945,96.0
485.002,warmUp,28.84,7.49,3.85,1.945,96.0,28.95,7.50,3.86,1.943,95.6
487.502,warmUp,28.88,7.50,3.85,1.948,96.4,28.84,7.49,3.85,1.945,96.0
490.002,warmUp,28.88,7.50,3.85,1.948,96.4,28.88,7.50,3.85,1.948,96.4
492.502,warmUp,28.88,7.50,3.85,1.948,96.4,28.88,7.50,3.85,1.948,96.4
495.001,warmUp,28.88,7.50,3.85,1.948,96.4,28.88,7.50,3.85,1.948,96.4
497.501,warmUp,28.88,7.50,3.85,1.948,96.4,28.88,7.50,3.85,1.948,96.4
500.002,warmUp,28.88,7.50,3.85,1.948,96.4,28.88,7.50,3.85,1.948,96.4
502.502,warmUp,28.80,7.50,3.84,1.953,97.3,28.88,7.50,3.85,1.948,96.4
505.001,warmUp,28.80,7.50,3.84,1.953,97.3,28.80,7.50,3.84,1.953,97.3
507.502,warmUp,28.80,7.50,3.84,1.953,97.3,28.80,7.50,3.84,1.953,97.3
510.002,warmUp,28.80,7.50,3.84,1.953,97.3,28.80,7.50,3.84,1.953,97.3
512.502,warmUp,28.80,7.50,3.84,1.953,97.3,28.80,7.50,3.84,1.953,97.3
515.001,warmUp,28.80,7.50,3.84,1.953,97.3,28.80,7.50,3.84,1.953,97.3
517.502,warmUp,28.80,7.50,3.84,1.953,97.3,28.80,7.50,3.84,1.953,97.3
520.002,warmUp,28.80,7.50,3.84,1.953,97.3,28.80,7.50,3.84,1.953,97.3
522.502,warmUp,28.80,7.50,3.84,1.953,97.3,28.80,7.50,3.84,1.953,97.3
525.002,warmUp,28.73,7.50,3.83,1.958,98.2,28.80,7.50,3.84,1.953,97.3
527.501,warmUp,28.84,7.51,3.84,1.956,97.7,28.73,7.50,3.83,1.958,98.2
530.001,warmUp,28.84,7.51,3.84,1.956,97.7,28.84,7.51,3.84,1.956,97.7
532.502,warmUp,28.84,7.51,3.84,1.956,97.7,28.84,7.51,3.84,1.956,97.7
535.002,warmUp,28.84,7.51,3.84,1.956,97.7,28.84,7.51,3.84,1.956,97.7
537.501,warmUp,28.84,7.51,3.84,1.956,97.7,28.84,7.51,3.84,1.956,97.7
540.002,warmUp,28.76,7.51,3.83,1.961,98.6,28.84,7.51,3.84,1.956,97.7
542.502,warmUp,28.88,7.52,3.84,1.958,98.2,28.76,7.51,3.83,1.961,98.6
545.002,warmUp,28.76,7.51,3.83,1.961,98.6,28.88,7.52,3.84,1.958,98.2
547.502,warmUp,28.92,7.53,3.84,1.961,98.6,28.76,7.51,3.83,1.961,98.6
550.002,warmUp,28.88,7.52,3.84,1.958,98.2,28.92,7.53,3.84,1.961,98.6
552.501,warmUp,28.76,7.51,3.83,1.961,98.6,28.88,7.52,3.84,1.958,98.2
555.001,warmUp,28.84,7.53,3.83,1.966,99.5,28.76,7.51,3.83,1.961,98.6
557.502,warmUp,28.95,7.54,3.84,1.964,99.1,28.84,7.53,3.83,1.966,99.5
560.002,warmUp,28.80,7.52,3.83,1.963,99.1,28.95,7.54,3.84,1.964,99.1
562.503,warmUp,28.84,7.53,3.83,1.966,99.5,28.80,7.52,3.83,1.963,99.1
565.002,warmUp,28.88,7.54,3.83,1.969,99.9,28.84,7.53,3.83,1.966,99.5
567.502,warmUp,28.88,7.54,3.83,1.969,99.9,28.88,7.54,3.83,1.969,99.9
570.002,warmUp,28.88,7.54,3.83,1.969,99.9,28.88,7.54,3.83,1.969,99.9
572.502,warmUp,28.88,7.54,3.83,1.969,99.9,28.88,7.54,3.83,1.969,99.9
575.002,warmUp,28.88,7.54,3.83,1.969,99.9,28.88,7.54,3.83,1.969,99.9
577.502,warmUp,28.88,7.54,3.83,1.969,99.9,28.88,7.54,3.83,1.969,99.9
580.002,warmUp,28.88,7.54,3.83,1.969,99.9,28.88,7.54,3.83,1.969,99.9
582.502,warmUp,28.88,7.54,3.83,1.969,99.9,28.88,7.54,3.83,1.969,99.9
585.001,warmUp,28.88,7.54,3.83,1.969,99.9,28.88,7.54,3.83,1.969,99.9
587.502,warmUp,28.88,7.54,3.83,1.969,99.9,28.88,7.54,3.83,1.969,99.9
590.001,warmUp,28.88,7.54,3.83,1.969,99.9,28.88,7.54,3.83,1.969,99.9
592.502,warmUp,28.88,7.54,3.83,1.969,99.9,28.88,7.54,3.83,1.969,99.9
595.002,warmUp,28.80,7.54,3.82,1.974,100.8,28.88,7.54,3.83,1.969,99.9
597.502,warmUp,28.80,7.54,3.82,1.974,100.8,28.80,7.54,3.82,1.974,100.8
600.001,warmUp,28.80,7.54,3.82,1.974,100.8,28.80,7.54,3.82,1.974,100.8
602.502,warmUp,28.80,7.54,3.82,1.974,100.8,28.80,7.54,3.82,1.974,100.8
605.002,warmUp,28.80,7.54,3.82,1.974,100.8,28.80,7.54,3.82,1.974,100.8
607.501,warmUp,28.80,7.54,3.82,1.974,100.8,28.80,7.54,3.82,1.974,100.8
610.002,warmUp,28.80,7.54,3.82,1.974,100.8,28.80,7.54,3.82,1.974,100.8
612.502,warmUp,28.80,7.54,3.82,1.974,100.8,28.80,7.54,3.82,1.974,100.8
615.001,warmUp,28.80,7.54,3.82,1.974,100.8,28.80,7.54,3.82,1.974,100.8
617.502,warmUp,28.73,7.54,3.81,1.979,101.7,28.80,7.54,3.82,1.974,100.8
620.002,warmUp,28.84,7.55,3.82,1.976,101.3,28.73,7.54,3.81,1.979,101.7
622.502,warmUp,28.84,7.55,3.82,1.976,101.3,28.84,7.55,3.82,1.976,101.3
625.001,warmUp,28.84,7.55,3.82,1.976,101.3,28.84,7.55,3.82,1.976,101.3
627.502,warmUp,28.84,7.55,3.82,1.976,101.3,28.84,7.55,3.82,1.976,101.3
630.002,warmUp,28.84,7.55,3.82,1.976,101.3,28.84,7.55,3.82,1.976,101.3
632.502,warmUp,28.84,7.55,3.82,1.976,101.3,28.84,7.55,3.82,1.976,101.3
635.002,warmUp,28.84,7.55,3.82,1.976,101.3,28.84,7.55,3.82,1.976,101.3
637.501,warmUp,28.84,7.55,3.82,1.976,101.3,28.84,7.55,3.82,1.976,101.3
640.002,warmUp,28.77,7.55,3.81,1.982,102.1,28.84,7.55,3.82,1.976,101.3
642.502,warmUp,28.92,7.57,3.82,1.982,102.2,28.77,7.55,3.81,1.982,102.1
645.002,warmUp,28.92,7.57,3.82,1.982,102.2,28.92,7.57,3.82,1.982,102.2
647.502,warmUp,28.92,7.57,3.82,1.982,102.2,28.92,7.57,3.82,1.982,102.2
650.001,warmUp,28.92,7.57,3.82,1.982,102.2,28.92,7.57,3.82,1.982,102.2
652.501,warmUp,28.92,7.57,3.82,1.982,102.2,28.92,7.57,3.82,1.982,102.2
655.002,warmUp,28.92,7.57,3.82,1.982,102.2,28.92,7.57,3.82,1.982,102.2
657.502,warmUp,28.92,7.57,3.82,1.982,102.2,28.92,7.57,3.82,1.982,102.2
660.002,warmUp,28.92,7.57,3.82,1.982,102.2,28.92,7.57,3.82,1.982,102.2
662.501,warmUp,28.84,7.57,3.81,1.987,103.0,28.92,7.57,3.82,1.982,102.2
665.002,warmUp,28.96,7.58,3.82,1.984,102.6,28.84,7.57,3.81,1.987,103.0
667.502,warmUp,28.84,7.57,3.81,1.987,103.0,28.96,7.58,3.82,1.984,102.6
670.001,warmUp,28.96,7.58,3.82,1.984,102.6,28.84,7.57,3.81,1.987,103.0
672.502,warmUp,28.84,7.57,3.81,1.987,103.0,28.96,7.58,3.82,1.984,102.6
675.002,warmUp,28.96,7.58,3.82,1.984,102.6,28.84,7.57,3.81,1.987,103.0
677.502,warmUp,28.84,7.57,3.81,1.987,103.0,28.96,7.58,3.82,1.984,102.6
680.001,warmUp,28.88,7.58,3.81,1.990,103.5,28.84,7.57,3.81,1.987,103.0
682.502,warmUp,28.88,7.58,3.81,1.990,103.5,28.88,7.58,3.81,1.990,103.5
685.001,warmUp,28.88,7.58,3.81,1.990,103.5,28.88,7.58,3.81,1.990,103.5
687.501,warmUp,28.88,7.58,3.81,1.990,103.5,28.88,7.58,3.81,1.990,103.5
690.001,warmUp,28.88,7.58,3.81,1.990,103.5,28.88,7.58,3.81,1.990,103.5
692.501,warmUp,28.88,7.58,3.81,1.990,103.5,28.88,7.58,3.81,1.990,103.5
695.002,warmUp,28.88,7.58,3.81,1.990,103.5,28.88,7.58,3.81,1.990,103.5
697.502,warmUp,28.88,7.58,3.81,1.990,103.5,28.88,7.58,3.81,1.990,103.5
700.002,warmUp,28.88,7.58,3.81,1.990,103.5,28.88,7.58,3.81,1.990,103.5
702.502,warmUp,28.80,7.58,3.80,1.995,104.4,28.88,7.58,3.81,1.990,103.5
705.002,warmUp,28.88,7.58,3.81,1.990,103.5,28.80,7.58,3.80,1.995,104.4
707.501,warmUp,28.88,7.58,3.81,1.990,103.5,28.88,7.58,3.81,1.990,103.5
710.001,warmUp,28.88,7.58,3.81,1.990,103.5,28.88,7.58,3.81,1.990,103.5
712.502,warmUp,28.80,7.58,3.80,1.995,104.4,28.88,7.58,3.81,1.990,103.5
715.001,warmUp,28.80,7.58,3.80,1.995,104.4,28.80,7.58,3.80,1.995,104.4
717.501,warmUp,28.80,7.58,3.80,1.995,104.4,28.80,7.58,3.80,1.995,104.4
720.002,warmUp,28.80,7.58,3.80,1.995,104.4,28.80,7.58,3.80,1.995,104.4
722.501,warmUp,28.80,7.58,3.80,1.995,104.4,28.80,7.58,3.80,1.995,104.4
725.002,warmUp,28.80,7.58,3.80,1.995,104.4,28.80,7.58,3.80,1.995,104.4
727.502,warmUp,28.80,7.58,3.80,1.995,104.4,28.80,7.58,3.80,1.995,104.4
730.001,warmUp,28.80,7.58,3.80,1.995,104.4,28.80,7.58,3.80,1.995,104.4
732.501,warmUp,28.80,7.58,3.80,1.995,104.4,28.80,7.58,3.80,1.995,104.4
735.001,warmUp,28.80,7.58,3.80,1.995,104.4,28.80,7.58,3.80,1.995,104.4
737.501,warmUp,28.80,7.58,3.80,1.995,104.4,28.80,7.58,3.80,1.995,104.4
740.002,warmUp,28.80,7.58,3.80,1.995,104.4,28.80,7.58,3.80,1.995,104.4
742.502,warmUp,28.73,7.58,3.79,2.000,105.3,28.80,7.58,3.80,1.995,104.4
745.001,warmUp,28.84,7.59,3.80,1.997,104.8,28.73,7.58,3.79,2.000,105.3
747.501,warmUp,28.84,7.59,3.80,1.997,104.8,28.84,7.59,3.80,1.997,104.8
750.002,warmUp,28.84,7.59,3.80,1.997,104.8,28.84,7.59,3.80,1.997,104.8
752.502,warmUp,28.84,7.59,3.80,1.997,104.8,28.84,7.59,3.80,1.997,104.8
755.001,warmUp,28.84,7.59,3.80,1.997,104.8,28.84,7.59,3.80,1.997,104.8
757.501,warmUp,28.84,7.59,3.80,1.997,104.8,28.84,7.59,3.80,1.997,104.8
760.001,warmUp,28.84,7.59,3.80,1.997,104.8,28.84,7.59,3.80,1.997,104.8
762.502,warmUp,28.84,7.59,3.80,1.997,104.8,28.84,7.59,3.80,1.997,104.8
765.002,warmUp,28.84,7.59,3.80,1.997,104.8,28.84,7.59,3.80,1.997,104.8
767.502,warmUp,28.84,7.59,3.80,1.997,104.8,28.84,7.59,3.80,1.997,104.8
770.002,warmUp,28.84,7.59,3.80,1.997,104.8,28.84,7.59,3.80,1.997,104.8
772.501,warmUp,28.84,7.59,3.80,1.997,104.8,28.84,7.59,3.80,1.997,104.8
775.002,warmUp,28.84,7.59,3.80,1.997,104.8,28.84,7.59,3.80,1.997,104.8
777.502,warmUp,28.84,7.59,3.80,1.997,104.8,28.84,7.59,3.80,1.997,104.8
780.002,warmUp,28.77,7.59,3.79,2.003,105.7,28.84,7.59,3.80,1.997,104.8
782.502,warmUp,28.88,7.60,3.80,2.000,105.3,28.77,7.59,3.79,2.003,105.7
785.002,warmUp,28.77,7.59,3.79,2.003,105.7,28.88,7.60,3.80,2.000,105.3
787.502,warmUp,28.88,7.60,3.80,2.000,105.3,28.77,7.59,3.79,2.003,105.7
790.001,warmUp,28.77,7.59,3.79,2.003,105.7,28.88,7.60,3.80,2.000,105.3
792.502,warmUp,28.88,7.60,3.80,2.000,105.3,28.77,7.59,3.79,2.003,105.7
795.001,warmUp,28.77,7.59,3.79,2.003,105.7,28.88,7.60,3.80,2.000,105.3
797.501,warmUp,28.92,7.61,3.80,2.003,105.7,28.77,7.59,3.79,2.003,105.7
800.002,warmUp,28.88,7.60,3.80,2.000,105.3,28.92,7.61,3.80,2.003,105.7
802.502,warmUp,28.77,7.59,3.79,2.003,105.7,28.88,7.60,3.80,2.000,105.3
805.002,warmUp,28.92,7.61,3.80,2.003,105.7,28.77,7.59,3.79,2.003,105.7
807.502,warmUp,28.88,7.60,3.80,2.000,105.3,28.92,7.61,3.80,2.003,105.7
810.001,warmUp,28.77,7.59,3.79,2.003,105.7,28.88,7.60,3.80,2.000,105.3
812.502,warmUp,28.88,7.60,3.80,2.000,105.3,28.77,7.59,3.79,2.003,105.7
815.001,warmUp,28.77,7.59,3.79,2.003,105.7,28.88,7.60,3.80,2.000,105.3
817.501,warmUp,28.84,7.61,3.79,2.008,106.6,28.77,7.59,3.79,2.003,105.7
820.002,warmUp,28.96,7.62,3.80,2.005,106.2,28.84,7.61,3.79,2.008,106.6
822.503,warmUp,28.80,7.60,3.79,2.005,106.2,28.96,7.62,3.80,2.005,106.2
825.001,warmUp,28.80,7.60,3.79,2.005,106.2,28.80,7.60,3.79,2.005,106.2
827.502,warmUp,28.80,7.60,3.79,2.005,106.2,28.80,7.60,3.79,2.005,106.2
830.002,warmUp,28.80,7.60,3.79,2.005,106.2,28.80,7.60,3.79,2.005,106.2
832.501,warmUp,28.80,7.60,3.79,2.005,106.2,28.80,7.60,3.79,2.005,106.2
835.002,warmUp,28.80,7.60,3.79,2.005,106.2,28.80,7.60,3.79,2.005,106.2
837.501,warmUp,28.84,7.61,3.79,2.008,106.6,28.80,7.60,3.79,2.005,106.2
840.002,warmUp,28.96,7.62,3.80,2.005,106.2,28.84,7.61,3.79,2.008,106.6
842.503,warmUp,28.84,7.61,3.79,2.008,106.6,28.96,7.62,3.80,2.005,106.2
845.002,warmUp,28.96,7.62,3.80,2.005,106.2,28.84,7.61,3.79,2.008,106.6
847.501,warmUp,28.84,7.61,3.79,2.008,106.6,28.96,7.62,3.80,2.005,106.2
850.002,warmUp,28.96,7.62,3.80,2.005,106.2,28.84,7.61,3.79,2.008,106.6
852.502,warmUp,28.80,7.60,3.79,2.005,106.2,28.96,7.62,3.80,2.005,106.2
855.002,warmUp,28.80,7.60,3.79,2.005,106.2,28.80,7.60,3.79,2.005,106.2
857.502,warmUp,28.80,7.60,3.79,2.005,106.2,28.80,7.60,3.79,2.005,106.2
860.001,warmUp,28.80,7.60,3.79,2.005,106.2,28.80,7.60,3.79,2.005,106.2
862.503,warmUp,28.73,7.60,3.78,2.011,107.1,28.80,7.60,3.79,2.005,106.2
865.001,warmUp,28.88,7.62,3.79,2.011,107.1,28.73,7.60,3.78,2.011,107.1
867.501,warmUp,28.88,7.62,3.79,2.011,107.1,28.88,7.62,3.79,2.011,107.1
870.002,warmUp,28.88,7.62,3.79,2.011,107.1,28.88,7.62,3.79,2.011,107.1
872.502,warmUp,28.88,7.62,3.79,2.011,107.1,28.88,7.62,3.79,2.011,107.1
875.002,warmUp,28.88,7.62,3.79,2.011,107.1,28.88,7.62,3.79,2.011,107.1
877.502,warmUp,28.88,7.62,3.79,2.011,107.1,28.88,7.62,3.79,2.011,107.1
880.002,warmUp,28.88,7.62,3.79,2.011,107.1,28.88,7.62,3.79,2.011,107.1
882.501,warmUp,28.88,7.62,3.79,2.011,107.1,28.88,7.62,3.79,2.011,107.1
885.001,warmUp,28.88,7.62,3.79,2.011,107.1,28.88,7.62,3.79,2.011,107.1
887.501,warmUp,28.88,7.62,3.79,2.011,107.1,28.88,7.62,3.79,2.011,107.1
890.001,warmUp,28.88,7.62,3.79,2.011,107.1,28.88,7.62,3.79,2.011,107.1
892.501,warmUp,28.88,7.62,3.79,2.011,107.1,28.88,7.62,3.79,2.011,107.1
895.002,warmUp,28.88,7.62,3.79,2.011,107.1,28.88,7.62,3.79,2.011,107.1
897.501,warmUp,28.88,7.62,3.79,2.011,107.1,28.88,7.62,3.79,2.011,107.1
900.002,warmUp,28.88,7.62,3.79,2.011,107.1,28.88,7.62,3.79,2.011,107.1
902.501,warmUp,28.88,7.62,3.79,2.011,107.1,28.88,7.62,3.79,2.011,107.1
905.002,warmUp,28.88,7.62,3.79,2.011,107.1,28.88,7.62,3.79,2.011,107.1
907.501,warmUp,28.88,7.62,3.79,2.011,107.1,28.88,7.62,3.79,2.011,107.1
910.002,warmUp,28.88,7.62,3.79,2.011,107.1,28.88,7.62,3.79,2.011,107.1
912.501,warmUp,28.88,7.62,3.79,2.011,107.1,28.88,7.62,3.79,2.011,107.1
915.002,warmUp,28.88,7.62,3.79,2.011,107.1,28.88,7.62,3.79,2.011,107.1
917.502,warmUp,28.88,7.62,3.79,2.011,107.1,28.88,7.62,3.79,2.011,107.1
920.002,warmUp,28.88,7.62,3.79,2.011,107.1,28.88,7.62,3.79,2.011,107.1
922.502,warmUp,28.80,7.62,3.78,2.016,108.0,28.88,7.62,3.79,2.011,107.1
925.002,warmUp,28.80,7.62,3.78,2.016,108.0,28.80,7.62,3.78,2.016,108.0
927.502,warmUp,28.80,7.62,3.78,2.016,108.0,28.80,7.62,3.78,2.016,108.0
930.001,warmUp,28.80,7.62,3.78,2.016,108.0,28.80,7.62,3.78,2.016,108.0
932.502,warmUp,28.80,7.62,3.78,2.016,108.0,28.80,7.62,3.78,2.016,108.0
935.001,warmUp,28.80,7.62,3.78,2.016,108.0,28.80,7.62,3.78,2.016,108.0
937.502,warmUp,28.80,7.62,3.78,2.016,108.0,28.80,7.62,3.78,2.016,108.0
940.001,warmUp,28.80,7.62,3.78,2.016,108.0,28.80,7.62,3.78,2.016,108.0
942.501,warmUp,28.80,7.62,3.78,2.016,108.0,28.80,7.62,3.78,2.016,108.0
945.001,warmUp,28.80,7.62,3.78,2.016,108.0,28.80,7.62,3.78,2.016,108.0
947.501,warmUp,28.80,7.62,3.78,2.016,108.0,28.80,7.62,3.78,2.016,108.0
950.001,warmUp,28.80,7.62,3.78,2.016,108.0,28.80,7.62,3.78,2.016,108.0
952.501,warmUp,28.80,7.62,3.78,2.016,108.0,28.80,7.62,3.78,2.016,108.0
955.002,warmUp,28.80,7.62,3.78,2.016,108.0,28.80,7.62,3.78,2.016,108.0
957.501,warmUp,28.80,7.62,3.78,2.016,108.0,28.80,7.62,3.78,2.016,108.0
960.001,warmUp,28.80,7.62,3.78,2.016,108.0,28.80,7.62,3.78,2.016,108.0
962.501,warmUp,28.80,7.62,3.78,2.016,108.0,28.80,7.62,3.78,2.016,108.0
965.001,warmUp,28.80,7.62,3.78,2.016,108.0,28.80,7.62,3.78,2.016,108.0
967.502,warmUp,28.80,7.62,3.78,2.016,108.0,28.80,7.62,3.78,2.016,108.0
970.001,warmUp,28.80,7.62,3.78,2.016,108.0,28.80,7.62,3.78,2.016,108.0
972.501,warmUp,28.80,7.62,3.78,2.016,108.0,28.80,7.62,3.78,2.016,108.0
975.001,warmUp,28.80,7.62,3.78,2.016,108.0,28.80,7.62,3.78,2.016,108.0
977.502,warmUp,28.80,7.62,3.78,2.016,108.0,28.80,7.62,3.78,2.016,108.0
980.001,warmUp,28.80,7.62,3.78,2.016,108.0,28.80,7.62,3.78,2.016,108.0
982.501,warmUp,28.80,7.62,3.78,2.016,108.0,28.80,7.62,3.78,2.016,108.0
985.001,warmUp,28.80,7.62,3.78,2.016,108.0,28.80,7.62,3.78,2.016,108.0
987.501,warmUp,28.80,7.62,3.78,2.016,108.0,28.80,7.62,3.78,2.016,108.0
990.001,warmUp,28.80,7.62,3.78,2.016,108.0,28.80,7.62,3.78,2.016,108.0
992.501,warmUp,28.80,7.62,3.78,2.016,108.0,28.80,7.62,3.78,2.016,108.0
995.001,warmUp,28.80,7.62,3.78,2.016,108.0,28.80,7.62,3.78,2.016,108.0
997.501,warmUp,28.80,7.62,3.78,2.016,108.0,28.80,7.62,3.78,2.016,108.0
1000.002,warmUp,28.80,7.62,3.78,2.016,108.0,28.80,7.62,3.78,2.016,108.0
1002.501,warmUp,28.80,7.62,3.78,2.016,108.0,28.80,7.62,3.78,2.016,108.0
1005.002,warmUp,28.80,7.62,3.78,2.016,108.0,28.80,7.62,3.78,2.016,108.0
1007.501,warmUp,28.80,7.62,3.78,2.016,108.0,28.80,7.62,3.78,2.016,108.0
1010.001,warmUp,28.80,7.62,3.78,2.016,108.0,28.80,7.62,3.78,2.016,108.0
1012.501,warmUp,28.80,7.62,3.78,2.016,108.0,28.80,7.62,3.78,2.016,108.0
1015.001,warmUp,28.80,7.62,3.78,2.016,108.0,28.80,7.62,3.78,2.016,108.0
1017.501,warmUp,28.80,7.62,3.78,2.016,108.0,28.80,7.62,3.78,2.016,108.0
1020.001,warmUp,28.80,7.62,3.78,2.016,108.0,28.80,7.62,3.78,2.016,108.0
1022.501,warmUp,28.73,7.62,3.77,2.021,108.9,28.80,7.62,3.78,2.016,108.0
1025.001,warmUp,28.84,7.63,3.78,2.019,108.4,28.73,7.62,3.77,2.021,108.9
1027.501,warmUp,28.84,7.63,3.78,2.019,108.4,28.84,7.63,3.78,2.019,108.4
1030.001,warmUp,28.84,7.63,3.78,2.019,108.4,28.84,7.63,3.78,2.019,108.4
1032.501,warmUp,28.84,7.63,3.78,2.019,108.4,28.84,7.63,3.78,2.019,108.4
1035.002,warmUp,28.84,7.63,3.78,2.019,108.4,28.84,7.63,3.78,2.019,108.4
1037.501,warmUp,28.84,7.63,3.78,2.019,108.4,28.84,7.63,3.78,2.019,108.4
1040.001,warmUp,28.84,7.63,3.78,2.019,108.4,28.84,7.63,3.78,2.019,108.4
1042.501,warmUp,28.84,7.63,3.78,2.019,108.4,28.84,7.63,3.78,2.019,108.4
1045.002,warmUp,28.84,7.63,3.78,2.019,108.4,28.84,7.63,3.78,2.019,108.4
1047.501,warmUp,28.84,7.63,3.78,2.019,108.4,28.84,7.63,3.78,2.019,108.4
1050.001,warmUp,28.84,7.63,3.78,2.019,108.4,28.84,7.63,3.78,2.019,108.4
1052.502,warmUp,28.84,7.63,3.78,2.019,108.4,28.84,7.63,3.78,2.019,108.4
1055.001,warmUp,28.84,7.63,3.78,2.019,108.4,28.84,7.63,3.78,2.019,108.4
1057.502,warmUp,28.84,7.63,3.78,2.019,108.4,28.84,7.63,3.78,2.019,108.4
1060.002,warmUp,28.84,7.63,3.78,2.019,108.4,28.84,7.63,3.78,2.019,108.4
1062.502,warmUp,28.84,7.63,3.78,2.019,108.4,28.84,7.63,3.78,2.019,108.4
1065.001,warmUp,28.84,7.63,3.78,2.019,108.4,28.84,7.63,3.78,2.019,108.4
1067.501,warmUp,28.84,7.63,3.78,2.019,108.4,28.84,7.63,3.78,2.019,108.4
1070.001,warmUp,28.84,7.63,3.78,2.019,108.4,28.84,7.63,3.78,2.019,108.4
1072.501,warmUp,28.84,7.63,3.78,2.019,108.4,28.84,7.63,3.78,2.019,108.4
1075.001,warmUp,28.84,7.63,3.78,2.019,108.4,28.84,7.63,3.78,2.019,108.4
1077.502,warmUp,28.84,7.63,3.78,2.019,108.4,28.84,7.63,3.78,2.019,108.4
1080.001,warmUp,28.84,7.63,3.78,2.019,108.4,28.84,7.63,3.78,2.019,108.4
1082.501,warmUp,28.84,7.63,3.78,2.019,108.4,28.84,7.63,3.78,2.019,108.4
1085.001,warmUp,28.84,7.63,3.78,2.019,108.4,28.84,7.63,3.78,2.019,108.4
1087.501,warmUp,28.77,7.63,3.77,2.024,109.3,28.84,7.63,3.78,2.019,108.4
1090.002,warmUp,28.92,7.65,3.78,2.024,109.3,28.77,7.63,3.77,2.024,109.3
1092.501,warmUp,28.92,7.65,3.78,2.024,109.3,28.92,7.65,3.78,2.024,109.3
1095.002,warmUp,28.92,7.65,3.78,2.024,109.3,28.92,7.65,3.78,2.024,109.3
1097.501,warmUp,28.92,7.65,3.78,2.024,109.3,28.92,7.65,3.78,2.024,109.3
1100.002,warmUp,28.92,7.65,3.78,2.024,109.3,28.92,7.65,3.78,2.024,109.3
1102.501,warmUp,28.92,7.65,3.78,2.024,109.3,28.92,7.65,3.78,2.024,109.3
1105.001,warmUp,28.92,7.65,3.78,2.024,109.3,28.92,7.65,3.78,2.024,109.3
1107.502,warmUp,28.92,7.65,3.78,2.024,109.3,28.92,7.65,3.78,2.024,109.3
1110.002,warmUp,28.92,7.65,3.78,2.024,109.3,28.92,7.65,3.78,2.024,109.3
1112.502,warmUp,28.92,7.65,3.78,2.024,109.3,28.92,7.65,3.78,2.024,109.3
1115.002,warmUp,28.92,7.65,3.78,2.024,109.3,28.92,7.65,3.78,2.024,109.3
1117.502,warmUp,28.92,7.65,3.78,2.024,109.3,28.92,7.65,3.78,2.024,109.3
1120.001,warmUp,28.92,7.65,3.78,2.024,109.3,28.92,7.65,3.78,2.024,109.3
1122.501,warmUp,28.92,7.65,3.78,2.024,109.3,28.92,7.65,3.78,2.024,109.3
1125.001,warmUp,28.92,7.65,3.78,2.024,109.3,28.92,7.65,3.78,2.024,109.3
1127.501,warmUp,28.92,7.65,3.78,2.024,109.3,28.92,7.65,3.78,2.024,109.3
1130.001,warmUp,28.92,7.65,3.78,2.024,109.3,28.92,7.65,3.78,2.024,109.3
1132.502,warmUp,28.92,7.65,3.78,2.024,109.3,28.92,7.65,3.78,2.024,109.3
1135.001,warmUp,28.88,7.64,3.78,2.021,108.9,28.92,7.65,3.78,2.024,109.3
1137.501,warmUp,28.77,7.63,3.77,2.024,109.3,28.88,7.64,3.78,2.021,108.9
1140.001,warmUp,28.88,7.64,3.78,2.021,108.9,28.77,7.63,3.77,2.024,109.3
1142.502,warmUp,28.77,7.63,3.77,2.024,109.3,28.88,7.64,3.78,2.021,108.9
1145.001,warmUp,28.92,7.65,3.78,2.024,109.3,28.77,7.63,3.77,2.024,109.3
1147.502,warmUp,28.92,7.65,3.78,2.024,109.3,28.92,7.65,3.78,2.024,109.3
1150.001,warmUp,28.92,7.65,3.78,2.024,109.3,28.92,7.65,3.78,2.024,109.3
1152.501,warmUp,28.92,7.65,3.78,2.024,109.3,28.92,7.65,3.78,2.024,109.3
1155.001,warmUp,28.92,7.65,3.78,2.024,109.3,28.92,7.65,3.78,2.024,109.3
1157.501,warmUp,28.88,7.64,3.78,2.021,108.9,28.92,7.65,3.78,2.024,109.3
1160.002,warmUp,28.77,7.63,3.77,2.024,109.3,28.88,7.64,3.78,2.021,108.9
1162.501,warmUp,28.88,7.64,3.78,2.021,108.9,28.77,7.63,3.77,2.024,109.3
1165.002,warmUp,28.77,7.63,3.77,2.024,109.3,28.88,7.64,3.78,2.021,108.9
1167.501,warmUp,28.92,7.65,3.78,2.024,109.3,28.77,7.63,3.77,2.024,109.3
1170.002,warmUp,28.88,7.64,3.78,2.021,108.9,28.92,7.65,3.78,2.024,109.3
1172.501,warmUp,28.77,7.63,3.77,2.024,109.3,28.88,7.64,3.78,2.021,108.9
1175.002,warmUp,28.80,7.64,3.77,2.027,109.8,28.77,7.63,3.77,2.024,109.3
1177.502,warmUp,28.80,7.64,3.77,2.027,109.8,28.80,7.64,3.77,2.027,109.8
1180.002,warmUp,28.92,7.65,3.78,2.024,109.3,28.80,7.64,3.77,2.027,109.8
1182.502,warmUp,28.84,7.65,3.77,2.029,110.2,28.92,7.65,3.78,2.024,109.3
1185.001,warmUp,28.95,7.66,3.78,2.026,109.8,28.84,7.65,3.77,2.029,110.2
1187.502,warmUp,28.84,7.65,3.77,2.029,110.2,28.95,7.66,3.78,2.026,109.8
1190.002,warmUp,28.95,7.66,3.78,2.026,109.8,28.84,7.65,3.77,2.029,110.2
1192.501,warmUp,28.92,7.65,3.78,2.024,109.3,28.95,7.66,3.78,2.026,109.8
1195.002,warmUp,28.80,7.64,3.77,2.027,109.8,28.92,7.65,3.78,2.024,109.3
1197.502,warmUp,28.80,7.64,3.77,2.027,109.8,28.80,7.64,3.77,2.027,109.8
1200.002,warmUp,28.84,7.65,3.77,2.029,110.2,28.80,7.64,3.77,2.027,109.8
1202.502,warmUp,28.95,7.66,3.78,2.026,109.8,28.84,7.65,3.77,2.029,110.2
1205.002,warmUp,28.84,7.65,3.77,2.029,110.2,28.95,7.66,3.78,2.026,109.8
1207.501,warmUp,28.95,7.66,3.78,2.026,109.8,28.84,7.65,3.77,2.029,110.2
1210.001,warmUp,28.80,7.64,3.77,2.027,109.8,28.95,7.66,3.78,2.026,109.8
1212.501,warmUp,28.84,7.65,3.77,2.029,110.2,28.80,7.64,3.77,2.027,109.8
1215.001,warmUp,28.95,7.66,3.78,2.026,109.8,28.84,7.65,3.77,2.029,110.2
1217.501,warmUp,28.80,7.64,3.77,2.027,109.8,28.95,7.66,3.78,2.026,109.8
1220.002,warmUp,28.84,7.65,3.77,2.029,110.2,28.80,7.64,3.77,2.027,109.8
1222.502,warmUp,28.95,7.66,3.78,2.026,109.8,28.84,7.65,3.77,2.029,110.2
1225.001,warmUp,28.84,7.65,3.77,2.029,110.2,28.95,7.66,3.78,2.026,109.8
1227.501,warmUp,28.95,7.66,3.78,2.026,109.8,28.84,7.65,3.77,2.029,110.2
1230.002,warmUp,28.80,7.64,3.77,2.027,109.8,28.95,7.66,3.78,2.026,109.8
1232.502,warmUp,28.84,7.65,3.77,2.029,110.2,28.80,7.64,3.77,2.027,109.8
1235.002,warmUp,28.95,7.66,3.78,2.026,109.8,28.84,7.65,3.77,2.029,110.2
1237.502,warmUp,28.84,7.65,3.77,2.029,110.2,28.95,7.66,3.78,2.026,109.8
1240.002,warmUp,28.95,7.66,3.78,2.026,109.8,28.84,7.65,3.77,2.029,110.2
1242.502,warmUp,28.84,7.65,3.77,2.029,110.2,28.95,7.66,3.78,2.026,109.8
1245.002,warmUp,28.95,7.66,3.78,2.026,109.8,28.84,7.65,3.77,2.029,110.2
1247.502,warmUp,28.80,7.64,3.77,2.027,109.8,28.95,7.66,3.78,2.026,109.8
1250.001,warmUp,28.80,7.64,3.77,2.027,109.8,28.80,7.64,3.77,2.027,109.8
1252.501,warmUp,28.80,7.64,3.77,2.027,109.8,28.80,7.64,3.77,2.027,109.8
1255.001,warmUp,28.84,7.65,3.77,2.029,110.2,28.80,7.64,3.77,2.027,109.8
1257.502,warmUp,28.95,7.66,3.78,2.026,109.8,28.84,7.65,3.77,2.029,110.2
1260.001,warmUp,28.84,7.65,3.77,2.029,110.2,28.95,7.66,3.78,2.026,109.8
1262.502,warmUp,28.88,7.66,3.77,2.032,110.7,28.84,7.65,3.77,2.029,110.2
1265.002,warmUp,28.95,7.66,3.78,2.026,109.8,28.88,7.66,3.77,2.032,110.7
1267.502,warmUp,28.84,7.65,3.77,2.029,110.2,28.95,7.66,3.78,2.026,109.8
1270.001,warmUp,28.95,7.66,3.78,2.026,109.8,28.84,7.65,3.77,2.029,110.2
1272.501,warmUp,28.84,7.65,3.77,2.029,110.2,28.95,7.66,3.78,2.026,109.8
1275.001,warmUp,28.95,7.66,3.78,2.026,109.8,28.84,7.65,3.77,2.029,110.2
1277.502,warmUp,28.84,7.65,3.77,2.029,110.2,28.95,7.66,3.78,2.026,109.8
1280.002,warmUp,28.95,7.66,3.78,2.026,109.8,28.84,7.65,3.77,2.029,110.2
1282.502,warmUp,28.84,7.65,3.77,2.029,110.2,28.95,7.66,3.78,2.026,109.8
1285.001,warmUp,28.95,7.66,3.78,2.026,109.8,28.84,7.65,3.77,2.029,110.2
1287.501,warmUp,28.80,7.64,3.77,2.027,109.8,28.95,7.66,3.78,2.026,109.8
1290.001,warmUp,28.80,7.64,3.77,2.027,109.8,28.80,7.64,3.77,2.027,109.8
1292.501,warmUp,28.84,7.65,3.77,2.029,110.2,28.80,7.64,3.77,2.027,109.8
1295.002,warmUp,28.95,7.66,3.78,2.026,109.8,28.84,7.65,3.77,2.029,110.2
1297.501,warmUp,28.84,7.65,3.77,2.029,110.2,28.95,7.66,3.78,2.026,109.8
1300.001,warmUp,28.88,7.66,3.77,2.032,110.7,28.84,7.65,3.77,2.029,110.2
1302.502,warmUp,28.88,7.66,3.77,2.032,110.7,28.88,7.66,3.77,2.032,110.7
1305.001,warmUp,28.95,7.66,3.78,2.026,109.8,28.88,7.66,3.77,2.032,110.7
1307.502,warmUp,28.84,7.65,3.77,2.029,110.2,28.95,7.66,3.78,2.026,109.8
1310.002,warmUp,28.88,7.66,3.77,2.032,110.7,28.84,7.65,3.77,2.029,110.2
1312.502,warmUp,28.95,7.66,3.78,2.026,109.8,28.88,7.66,3.77,2.032,110.7
1315.001,warmUp,28.84,7.65,3.77,2.029,110.2,28.95,7.66,3.78,2.026,109.8
1317.501,warmUp,28.95,7.66,3.78,2.026,109.8,28.84,7.65,3.77,2.029,110.2
1320.002,warmUp,28.84,7.65,3.77,2.029,110.2,28.95,7.66,3.78,2.026,109.8
1322.502,warmUp,28.95,7.66,3.78,2.026,109.8,28.84,7.65,3.77,2.029,110.2
1325.002,warmUp,28.84,7.65,3.77,2.029,110.2,28.95,7.66,3.78,2.026,109.8
1327.502,warmUp,28.95,7.66,3.78,2.026,109.8,28.84,7.65,3.77,2.029,110.2
1330.001,warmUp,28.84,7.65,3.77,2.029,110.2,28.95,7.66,3.78,2.026,109.8
1332.501,warmUp,28.88,7.66,3.77,2.032,110.7,28.84,7.65,3.77,2.029,110.2
1335.002,warmUp,28.88,7.66,3.77,2.032,110.7,28.88,7.66,3.77,2.032,110.7
1337.502,warmUp,28.88,7.66,3.77,2.032,110.7,28.88,7.66,3.77,2.032,110.7
1340.002,warmUp,28.88,7.66,3.77,2.032,110.7,28.88,7.66,3.77,2.032,110.7
1342.502,warmUp,28.88,7.66,3.77,2.032,110.7,28.88,7.66,3.77,2.032,110.7
1345.002,warmUp,28.88,7.66,3.77,2.032,110.7,28.88,7.66,3.77,2.032,110.7
1347.501,warmUp,28.88,7.66,3.77,2.032,110.7,28.88,7.66,3.77,2.032,110.7
1350.001,warmUp,28.88,7.66,3.77,2.032,110.7,28.88,7.66,3.77,2.032,110.7
1352.502,warmUp,28.88,7.66,3.77,2.032,110.7,28.88,7.66,3.77,2.032,110.7
1355.001,warmUp,28.88,7.66,3.77,2.032,110.7,28.88,7.66,3.77,2.032,110.7
1357.502,warmUp,28.88,7.66,3.77,2.032,110.7,28.88,7.66,3.77,2.032,110.7
1360.002,warmUp,28.88,7.66,3.77,2.032,110.7,28.88,7.66,3.77,2.032,110.7
1362.502,warmUp,28.88,7.66,3.77,2.032,110.7,28.88,7.66,3.77,2.032,110.7
1365.002,warmUp,28.88,7.66,3.77,2.032,110.7,28.88,7.66,3.77,2.032,110.7
1367.501,warmUp,28.88,7.66,3.77,2.032,110.7,28.88,7.66,3.77,2.032,110.7
1370.001,warmUp,28.88,7.66,3.77,2.032,110.7,28.88,7.66,3.77,2.032,110.7
1372.501,warmUp,28.88,7.66,3.77,2.032,110.7,28.88,7.66,3.77,2.032,110.7
1375.002,warmUp,28.88,7.66,3.77,2.032,110.7,28.88,7.66,3.77,2.032,110.7
1377.501,warmUp,28.88,7.66,3.77,2.032,110.7,28.88,7.66,3.77,2.032,110.7
1380.002,warmUp,28.88,7.66,3.77,2.032,110.7,28.88,7.66,3.77,2.032,110.7
1382.502,warmUp,28.88,7.66,3.77,2.032,110.7,28.88,7.66,3.77,2.032,110.7
1385.002,warmUp,28.88,7.66,3.77,2.032,110.7,28.88,7.66,3.77,2.032,110.7
1387.502,warmUp,28.88,7.66,3.77,2.032,110.7,28.88,7.66,3.77,2.032,110.7
1390.001,warmUp,28.88,7.66,3.77,2.032,110.7,28.88,7.66,3.77,2.032,110.7
1392.501,warmUp,28.88,7.66,3.77,2.032,110.7,28.88,7.66,3.77,2.032,110.7
1395.001,warmUp,28.88,7.66,3.77,2.032,110.7,28.88,7.66,3.77,2.032,110.7
1397.502,warmUp,28.88,7.66,3.77,2.032,110.7,28.88,7.66,3.77,2.032,110.7
1400.002,warmUp,28.88,7.66,3.77,2.032,110.7,28.88,7.66,3.77,2.032,110.7
1402.502,warmUp,28.88,7.66,3.77,2.032,110.7,28.88,7.66,3.77,2.032,110.7
1405.002,warmUp,28.88,7.66,3.77,2.032,110.7,28.88,7.66,3.77,2.032,110.7
1407.501,warmUp,28.88,7.66,3.77,2.032,110.7,28.88,7.66,3.77,2.032,110.7
1410.002,warmUp,28.88,7.66,3.77,2.032,110.7,28.88,7.66,3.77,2.032,110.7
1412.501,warmUp,28.88,7.66,3.77,2.032,110.7,28.88,7.66,3.77,2.032,110.7
1415.001,warmUp,28.88,7.66,3.77,2.032,110.7,28.88,7.66,3.77,2.032,110.7
1417.502,warmUp,28.88,7.66,3.77,2.032,110.7,28.88,7.66,3.77,2.032,110.7
1420.002,warmUp,28.88,7.66,3.77,2.032,110.7,28.88,7.66,3.77,2.032,110.7
1422.502,warmUp,28.88,7.66,3.77,2.032,110.7,28.88,7.66,3.77,2.032,110.7
1425.002,warmUp,28.88,7.66,3.77,2.032,110.7,28.88,7.66,3.77,2.032,110.7
1427.501,warmUp,28.88,7.66,3.77,2.032,110.7,28.88,7.66,3.77,2.032,110.7
1430.002,warmUp,28.88,7.66,3.77,2.032,110.7,28.88,7.66,3.77,2.032,110.7
1432.501,warmUp,28.88,7.66,3.77,2.032,110.7,28.88,7.66,3.77,2.032,110.7
1435.001,warmUp,28.88,7.66,3.77,2.032,110.7,28.88,7.66,3.77,2.032,110.7
1437.502,warmUp,28.88,7.66,3.77,2.032,110.7,28.88,7.66,3.77,2.032,110.7
1440.002,warmUp,28.88,7.66,3.77,2.032,110.7,28.88,7.66,3.77,2.032,110.7
1442.503,warmUp,28.88,7.66,3.77,2.032,110.7,28.88,7.66,3.77,2.032,110.7
1445.002,warmUp,28.88,7.66,3.77,2.032,110.7,28.88,7.66,3.77,2.032,110.7
1447.502,warmUp,28.88,7.66,3.77,2.032,110.7,28.88,7.66,3.77,2.032,110.7
1450.002,warmUp,28.88,7.66,3.77,2.032,110.7,28.88,7.66,3.77,2.032,110.7
1452.502,warmUp,28.88,7.66,3.77,2.032,110.7,28.88,7.66,3.77,2.032,110.7
1455.001,warmUp,28.88,7.66,3.77,2.032,110.7,28.88,7.66,3.77,2.032,110.7
1457.502,warmUp,28.88,7.66,3.77,2.032,110.7,28.88,7.66,3.77,2.032,110.7
1460.002,warmUp,28.88,7.66,3.77,2.032,110.7,28.88,7.66,3.77,2.032,110.7
1462.502,warmUp,28.88,7.66,3.77,2.032,110.7,28.88,7.66,3.77,2.032,110.7
1465.001,warmUp,28.88,7.66,3.77,2.032,110.7,28.88,7.66,3.77,2.032,110.7
1467.502,warmUp,28.88,7.66,3.77,2.032,110.7,28.88,7.66,3.77,2.032,110.7
1470.001,warmUp,28.88,7.66,3.77,2.032,110.7,28.88,7.66,3.77,2.032,110.7
1472.501,warmUp,28.88,7.66,3.77,2.032,110.7,28.88,7.66,3.77,2.032,110.7
1475.001,warmUp,28.88,7.66,3.77,2.032,110.7,28.88,7.66,3.77,2.032,110.7
1477.502,warmUp,28.88,7.66,3.77,2.032,110.7,28.88,7.66,3.77,2.032,110.7
1480.002,warmUp,28.88,7.66,3.77,2.032,110.7,28.88,7.66,3.77,2.032,110.7
1482.502,warmUp,28.88,7.66,3.77,2.032,110.7,28.88,7.66,3.77,2.032,110.7
1485.002,warmUp,28.88,7.66,3.77,2.032,110.7,28.88,7.66,3.77,2.032,110.7
1487.501,warmUp,28.88,7.66,3.77,2.032,110.7,28.88,7.66,3.77,2.032,110.7
1490.002,warmUp,28.88,7.66,3.77,2.032,110.7,28.88,7.66,3.77,2.032,110.7
1492.501,warmUp,28.88,7.66,3.77,2.032,110.7,28.88,7.66,3.77,2.032,110.7
1495.001,warmUp,28.88,7.66,3.77,2.032,110.7,28.88,7.66,3.77,2.032,110.7
1497.501,warmUp,28.88,7.66,3.77,2.032,110.7,28.88,7.66,3.77,2.032,110.7
1500.001,warmUp,28.88,7.66,3.77,2.032,110.7,28.88,7.66,3.77,2.032,110.7
1502.502,warmUp,28.88,7.66,3.77,2.032,110.7,28.88,7.66,3.77,2.032,110.7
1505.002,warmUp,28.88,7.66,3.77,2.032,110.7,28.88,7.66,3.77,2.032,110.7
1507.502,warmUp,28.88,7.66,3.77,2.032,110.7,28.88,7.66,3.77,2.032,110.7
1510.001,warmUp,28.88,7.66,3.77,2.032,110.7,28.88,7.66,3.77,2.032,110.7
1512.502,warmUp,28.88,7.66,3.77,2.032,110.7,28.88,7.66,3.77,2.032,110.7
1515.001,warmUp,28.88,7.66,3.77,2.032,110.7,28.88,7.66,3.77,2.032,110.7
1517.502,warmUp,28.88,7.66,3.77,2.032,110.7,28.88,7.66,3.77,2.032,110.7
1520.002,warmUp,28.88,7.66,3.77,2.032,110.7,28.88,7.66,3.77,2.032,110.7
1522.502,warmUp,28.88,7.66,3.77,2.032,110.7,28.88,7.66,3.77,2.032,110.7
1525.001,warmUp,28.88,7.66,3.77,2.032,110.7,28.88,7.66,3.77,2.032,110.7
1527.501,warmUp,28.88,7.66,3.77,2.032,110.7,28.88,7.66,3.77,2.032,110.7
1530.001,warmUp,28.80,7.66,3.76,2.037,111.6,28.88,7.66,3.77,2.032,110.7
1532.501,warmUp,28.80,7.66,3.76,2.037,111.6,28.80,7.66,3.76,2.037,111.6
1535.001,warmUp,28.80,7.66,3.76,2.037,111.6,28.80,7.66,3.76,2.037,111.6
1537.501,warmUp,28.88,7.66,3.77,2.032,110.7,28.80,7.66,3.76,2.037,111.6
1540.002,warmUp,28.88,7.66,3.77,2.032,110.7,28.88,7.66,3.77,2.032,110.7
1542.502,warmUp,28.88,7.66,3.77,2.032,110.7,28.88,7.66,3.77,2.032,110.7
1545.001,warmUp,28.88,7.66,3.77,2.032,110.7,28.88,7.66,3.77,2.032,110.7
1547.501,warmUp,28.88,7.66,3.77,2.032,110.7,28.88,7.66,3.77,2.032,110.7
1550.002,warmUp,28.88,7.66,3.77,2.032,110.7,28.88,7.66,3.77,2.032,110.7
1552.501,warmUp,28.80,7.66,3.76,2.037,111.6,28.88,7.66,3.77,2.032,110.7
1555.001,warmUp,28.80,7.66,3.76,2.037,111.6,28.80,7.66,3.76,2.037,111.6
1557.501,warmUp,28.80,7.66,3.76,2.037,111.6,28.80,7.66,3.76,2.037,111.6
1560.002,warmUp,28.80,7.66,3.76,2.037,111.6,28.80,7.66,3.76,2.037,111.6
1562.502,warmUp,28.80,7.66,3.76,2.037,111.6,28.80,7.66,3.76,2.037,111.6
1565.002,warmUp,28.80,7.66,3.76,2.037,111.6,28.80,7.66,3.76,2.037,111.6
1567.502,warmUp,28.80,7.66,3.76,2.037,111.6,28.80,7.66,3.76,2.037,111.6
1570.002,warmUp,28.80,7.66,3.76,2.037,111.6,28.80,7.66,3.76,2.037,111.6
1572.501,warmUp,28.80,7.66,3.76,2.037,111.6,28.80,7.66,3.76,2.037,111.6
1575.001,warmUp,28.80,7.66,3.76,2.037,111.6,28.80,7.66,3.76,2.037,111.6
1577.502,warmUp,28.80,7.66,3.76,2.037,111.6,28.80,7.66,3.76,2.037,111.6
1580.002,warmUp,28.80,7.66,3.76,2.037,111.6,28.80,7.66,3.76,2.037,111.6
1582.501,warmUp,28.80,7.66,3.76,2.037,111.6,28.80,7.66,3.76,2.037,111.6
1585.001,warmUp,28.80,7.66,3.76,2.037,111.6,28.80,7.66,3.76,2.037,111.6
1587.502,warmUp,28.80,7.66,3.76,2.037,111.6,28.80,7.66,3.76,2.037,111.6
1590.002,warmUp,28.80,7.66,3.76,2.037,111.6,28.80,7.66,3.76,2.037,111.6
1592.501,warmUp,28.80,7.66,3.76,2.037,111.6,28.80,7.66,3.76,2.037,111.6
1595.002,warmUp,28.80,7.66,3.76,2.037,111.6,28.80,7.66,3.76,2.037,111.6
1597.502,warmUp,28.80,7.66,3.76,2.037,111.6,28.80,7.66,3.76,2.037,111.6
1600.002,warmUp,28.80,7.66,3.76,2.037,111.6,28.80,7.66,3.76,2.037,111.6
1602.502,warmUp,28.80,7.66,3.76,2.037,111.6,28.80,7.66,3.76,2.037,111.6
1605.002,warmUp,28.80,7.66,3.76,2.037,111.6,28.80,7.66,3.76,2.037,111.6
1607.502,warmUp,28.80,7.66,3.76,2.037,111.6,28.80,7.66,3.76,2.037,111.6
1610.002,warmUp,28.80,7.66,3.76,2.037,111.6,28.80,7.66,3.76,2.037,111.6
1612.502,warmUp,28.80,7.66,3.76,2.037,111.6,28.80,7.66,3.76,2.037,111.6
1615.002,warmUp,28.80,7.66,3.76,2.037,111.6,28.80,7.66,3.76,2.037,111.6
1617.501,warmUp,28.80,7.66,3.76,2.037,111.6,28.80,7.66,3.76,2.037,111.6
1620.002,warmUp,28.80,7.66,3.76,2.037,111.6,28.80,7.66,3.76,2.037,111.6
1622.502,warmUp,28.80,7.66,3.76,2.037,111.6,28.80,7.66,3.76,2.037,111.6
1625.002,warmUp,28.80,7.66,3.76,2.037,111.6,28.80,7.66,3.76,2.037,111.6
1627.502,warmUp,28.80,7.66,3.76,2.037,111.6,28.80,7.66,3.76,2.037,111.6
1630.001,warmUp,28.80,7.66,3.76,2.037,111.6,28.80,7.66,3.76,2.037,111.6
1632.502,warmUp,28.80,7.66,3.76,2.037,111.6,28.80,7.66,3.76,2.037,111.6
1635.001,warmUp,28.80,7.66,3.76,2.037,111.6,28.80,7.66,3.76,2.037,111.6
1637.502,warmUp,28.80,7.66,3.76,2.037,111.6,28.80,7.66,3.76,2.037,111.6
1640.001,warmUp,28.80,7.66,3.76,2.037,111.6,28.80,7.66,3.76,2.037,111.6
1642.502,warmUp,28.80,7.66,3.76,2.037,111.6,28.80,7.66,3.76,2.037,111.6
1645.002,warmUp,28.80,7.66,3.76,2.037,111.6,28.80,7.66,3.76,2.037,111.6
1647.501,warmUp,28.80,7.66,3.76,2.037,111.6,28.80,7.66,3.76,2.037,111.6
1650.002,warmUp,28.80,7.66,3.76,2.037,111.6,28.80,7.66,3.76,2.037,111.6
1652.501,warmUp,28.80,7.66,3.76,2.037,111.6,28.80,7.66,3.76,2.037,111.6
1655.001,warmUp,28.80,7.66,3.76,2.037,111.6,28.80,7.66,3.76,2.037,111.6
1657.501,warmUp,28.80,7.66,3.76,2.037,111.6,28.80,7.66,3.76,2.037,111.6
1660.002,warmUp,28.80,7.66,3.76,2.037,111.6,28.80,7.66,3.76,2.037,111.6
1662.502,warmUp,28.80,7.66,3.76,2.037,111.6,28.80,7.66,3.76,2.037,111.6
1665.002,warmUp,28.80,7.66,3.76,2.037,111.6,28.80,7.66,3.76,2.037,111.6
1667.502,warmUp,28.80,7.66,3.76,2.037,111.6,28.80,7.66,3.76,2.037,111.6
1670.001,warmUp,28.73,7.66,3.75,2.043,112.5,28.80,7.66,3.76,2.037,111.6
1672.502,warmUp,28.84,7.67,3.76,2.040,112.0,28.73,7.66,3.75,2.043,112.5
1675.002,warmUp,28.84,7.67,3.76,2.040,112.0,28.84,7.67,3.76,2.040,112.0
1677.501,warmUp,28.84,7.67,3.76,2.040,112.0,28.84,7.67,3.76,2.040,112.0
1680.002,warmUp,28.84,7.67,3.76,2.040,112.0,28.84,7.67,3.76,2.040,112.0
1682.502,warmUp,28.84,7.67,3.76,2.040,112.0,28.84,7.67,3.76,2.040,112.0
1685.002,warmUp,28.84,7.67,3.76,2.040,112.0,28.84,7.67,3.76,2.040,112.0
1687.501,warmUp,28.84,7.67,3.76,2.040,112.0,28.84,7.67,3.76,2.040,112.0
1690.002,warmUp,28.84,7.67,3.76,2.040,112.0,28.84,7.67,3.76,2.040,112.0
1692.502,warmUp,28.84,7.67,3.76,2.040,112.0,28.84,7.67,3.76,2.040,112.0
1695.001,warmUp,28.84,7.67,3.76,2.040,112.0,28.84,7.67,3.76,2.040,112.0
1697.501,warmUp,28.76,7.67,3.75,2.045,113.0,28.84,7.67,3.76,2.040,112.0
1700.001,warmUp,28.88,7.68,3.76,2.043,112.5,28.76,7.67,3.75,2.045,113.0
1702.502,warmUp,28.76,7.67,3.75,2.045,113.0,28.88,7.68,3.76,2.043,112.5
1705.001,warmUp,28.88,7.68,3.76,2.043,112.5,28.76,7.67,3.75,2.045,113.0
1707.501,warmUp,28.76,7.67,3.75,2.045,113.0,28.88,7.68,3.76,2.043,112.5
1710.002,warmUp,28.88,7.68,3.76,2.043,112.5,28.76,7.67,3.75,2.045,113.0
1712.502,warmUp,28.76,7.67,3.75,2.045,113.0,28.88,7.68,3.76,2.043,112.5
1715.002,warmUp,28.88,7.68,3.76,2.043,112.5,28.76,7.67,3.75,2.045,113.0
1717.501,warmUp,28.76,7.67,3.75,2.045,113.0,28.88,7.68,3.76,2.043,112.5
1720.002,warmUp,28.88,7.68,3.76,2.043,112.5,28.76,7.67,3.75,2.045,113.0
1722.502,warmUp,28.76,7.67,3.75,2.045,113.0,28.88,7.68,3.76,2.043,112.5
1725.002,warmUp,28.88,7.68,3.76,2.043,112.5,28.76,7.67,3.75,2.045,113.0
1727.502,warmUp,28.76,7.67,3.75,2.045,113.0,28.88,7.68,3.76,2.043,112.5
1730.001,warmUp,28.88,7.68,3.76,2.043,112.5,28.76,7.67,3.75,2.045,113.0
1732.501,warmUp,28.76,7.67,3.75,2.045,113.0,28.88,7.68,3.76,2.043,112.5
1735.001,warmUp,28.88,7.68,3.76,2.043,112.5,28.76,7.67,3.75,2.045,113.0
1737.501,warmUp,28.76,7.67,3.75,2.045,113.0,28.88,7.68,3.76,2.043,112.5
1740.002,warmUp,28.88,7.68,3.76,2.043,112.5,28.76,7.67,3.75,2.045,113.0
1742.501,warmUp,28.76,7.67,3.75,2.045,113.0,28.88,7.68,3.76,2.043,112.5
1745.001,warmUp,28.80,7.68,3.75,2.048,113.4,28.76,7.67,3.75,2.045,113.0
1747.501,warmUp,28.80,7.68,3.75,2.048,113.4,28.80,7.68,3.75,2.048,113.4
1750.001,warmUp,28.80,7.68,3.75,2.048,113.4,28.80,7.68,3.75,2.048,113.4
1752.501,warmUp,28.80,7.68,3.75,2.048,113.4,28.80,7.68,3.75,2.048,113.4
1755.001,warmUp,28.80,7.68,3.75,2.048,113.4,28.80,7.68,3.75,2.048,113.4
1757.501,warmUp,28.80,7.68,3.75,2.048,113.4,28.80,7.68,3.75,2.048,113.4
1760.001,warmUp,28.80,7.68,3.75,2.048,113.4,28.80,7.68,3.75,2.048,113.4
1762.501,warmUp,28.80,7.68,3.75,2.048,113.4,28.80,7.68,3.75,2.048,113.4
1765.002,warmUp,28.80,7.68,3.75,2.048,113.4,28.80,7.68,3.75,2.048,113.4
1767.501,warmUp,28.80,7.68,3.75,2.048,113.4,28.80,7.68,3.75,2.048,113.4
1770.001,warmUp,28.80,7.68,3.75,2.048,113.4,28.80,7.68,3.75,2.048,113.4
1772.501,warmUp,28.80,7.68,3.75,2.048,113.4,28.80,7.68,3.75,2.048,113.4
1775.001,warmUp,28.80,7.68,3.75,2.048,113.4,28.80,7.68,3.75,2.048,113.4
1777.501,warmUp,28.80,7.68,3.75,2.048,113.4,28.80,7.68,3.75,2.048,113.4
1780.002,warmUp,28.80,7.68,3.75,2.048,113.4,28.80,7.68,3.75,2.048,113.4
1782.502,warmUp,28.80,7.68,3.75,2.048,113.4,28.80,7.68,3.75,2.048,113.4
1785.001,warmUp,28.80,7.68,3.75,2.048,113.4,28.80,7.68,3.75,2.048,113.4
1787.501,warmUp,28.80,7.68,3.75,2.048,113.4,28.80,7.68,3.75,2.048,113.4
1790.002,warmUp,28.80,7.68,3.75,2.048,113.4,28.80,7.68,3.75,2.048,113.4
1792.501,warmUp,28.80,7.68,3.75,2.048,113.4,28.80,7.68,3.75,2.048,113.4
1795.001,warmUp,28.80,7.68,3.75,2.048,113.4,28.80,7.68,3.75,2.048,113.4
1797.502,warmUp,28.80,7.68,3.75,2.048,113.4,28.80,7.68,3.75,2.048,113.4
1800.002,warmUp,28.80,7.68,3.75,2.048,113.4,28.80,7.68,3.75,2.048,113.4
1802.502,warmUp,28.80,7.68,3.75,2.048,113.4,28.80,7.68,3.75,2.048,113.4
1805.002,warmUp,28.80,7.68,3.75,2.048,113.4,28.80,7.68,3.75,2.048,113.4
1807.502,warmUp,28.80,7.68,3.75,2.048,113.4,28.80,7.68,3.75,2.048,113.4
1810.002,warmUp,28.72,7.68,3.74,2.053,114.4,28.80,7.68,3.75,2.048,113.4
1812.502,warmUp,28.84,7.69,3.75,2.051,113.9,28.72,7.68,3.74,2.053,114.4
1815.002,warmUp,28.84,7.69,3.75,2.051,113.9,28.84,7.69,3.75,2.051,113.9
1817.501,warmUp,28.88,7.70,3.75,2.053,114.3,28.84,7.69,3.75,2.051,113.9
1820.002,warmUp,28.84,7.69,3.75,2.051,113.9,28.88,7.70,3.75,2.053,114.3
1822.502,warmUp,28.84,7.69,3.75,2.051,113.9,28.84,7.69,3.75,2.051,113.9
1825.002,warmUp,28.88,7.70,3.75,2.053,114.3,28.84,7.69,3.75,2.051,113.9
1827.501,warmUp,28.84,7.69,3.75,2.051,113.9,28.88,7.70,3.75,2.053,114.3
1830.001,warmUp,28.84,7.69,3.75,2.051,113.9,28.84,7.69,3.75,2.051,113.9
1832.501,warmUp,28.84,7.69,3.75,2.051,113.9,28.84,7.69,3.75,2.051,113.9
1835.001,warmUp,28.84,7.69,3.75,2.051,113.9,28.84,7.69,3.75,2.051,113.9
1837.502,warmUp,28.84,7.69,3.75,2.051,113.9,28.84,7.69,3.75,2.051,113.9
1840.002,warmUp,28.84,7.69,3.75,2.051,113.9,28.84,7.69,3.75,2.051,113.9
1842.502,warmUp,28.84,7.69,3.75,2.051,113.9,28.84,7.69,3.75,2.051,113.9
1845.001,warmUp,28.84,7.69,3.75,2.051,113.9,28.84,7.69,3.75,2.051,113.9
1847.501,warmUp,28.76,7.69,3.74,2.056,114.8,28.84,7.69,3.75,2.051,113.9
1850.002,warmUp,28.91,7.71,3.75,2.056,114.8,28.76,7.69,3.74,2.056,114.8
1852.501,warmUp,28.91,7.71,3.75,2.056,114.8,28.91,7.71,3.75,2.056,114.8
1855.002,warmUp,28.91,7.71,3.75,2.056,114.8,28.91,7.71,3.75,2.056,114.8
1857.501,warmUp,28.91,7.71,3.75,2.056,114.8,28.91,7.71,3.75,2.056,114.8
1860.002,warmUp,28.91,7.71,3.75,2.056,114.8,28.91,7.71,3.75,2.056,114.8
1862.501,warmUp,28.91,7.71,3.75,2.056,114.8,28.91,7.71,3.75,2.056,114.8
1865.002,warmUp,28.91,7.71,3.75,2.056,114.8,28.91,7.71,3.75,2.056,114.8
1867.501,warmUp,28.91,7.71,3.75,2.056,114.8,28.91,7.71,3.75,2.056,114.8
1870.001,warmUp,28.91,7.71,3.75,2.056,114.8,28.91,7.71,3.75,2.056,114.8
1872.502,warmUp,28.91,7.71,3.75,2.056,114.8,28.91,7.71,3.75,2.056,114.8
1875.001,warmUp,28.91,7.71,3.75,2.056,114.8,28.91,7.71,3.75,2.056,114.8
1877.502,warmUp,28.91,7.71,3.75,2.056,114.8,28.91,7.71,3.75,2.056,114.8
1880.002,warmUp,28.91,7.71,3.75,2.056,114.8,28.91,7.71,3.75,2.056,114.8
1882.502,warmUp,28.91,7.71,3.75,2.056,114.8,28.91,7.71,3.75,2.056,114.8
1885.003,warmUp,28.91,7.71,3.75,2.056,114.8,28.91,7.71,3.75,2.056,114.8
1887.501,warmUp,28.91,7.71,3.75,2.056,114.8,28.91,7.71,3.75,2.056,114.8
1890.001,warmUp,28.91,7.71,3.75,2.056,114.8,28.91,7.71,3.75,2.056,114.8
1892.502,warmUp,28.91,7.71,3.75,2.056,114.8,28.91,7.71,3.75,2.056,114.8
1895.002,warmUp,28.91,7.71,3.75,2.056,114.8,28.91,7.71,3.75,2.056,114.8
1897.502,warmUp,28.91,7.71,3.75,2.056,114.8,28.91,7.71,3.75,2.056,114.8
1900.002,warmUp,28.91,7.71,3.75,2.056,114.8,28.91,7.71,3.75,2.056,114.8
1902.502,warmUp,28.91,7.71,3.75,2.056,114.8,28.91,7.71,3.75,2.056,114.8
1905.002,warmUp,28.91,7.71,3.75,2.056,114.8,28.91,7.71,3.75,2.056,114.8
1907.502,warmUp,28.91,7.71,3.75,2.056,114.8,28.91,7.71,3.75,2.056,114.8
1910.001,warmUp,28.91,7.71,3.75,2.056,114.8,28.91,7.71,3.75,2.056,114.8
1912.501,warmUp,28.91,7.71,3.75,2.056,114.8,28.91,7.71,3.75,2.056,114.8
1915.002,warmUp,28.91,7.71,3.75,2.056,114.8,28.91,7.71,3.75,2.056,114.8
1917.501,warmUp,28.84,7.71,3.74,2.061,115.7,28.91,7.71,3.75,2.056,114.8
1920.002,warmUp,28.91,7.71,3.75,2.056,114.8,28.84,7.71,3.74,2.061,115.7
1922.502,warmUp,28.91,7.71,3.75,2.056,114.8,28.91,7.71,3.75,2.056,114.8
1925.002,warmUp,29.07,7.71,3.77,2.045,112.9,28.91,7.71,3.75,2.056,114.8
1927.502,warmUp,28.88,7.68,3.76,2.043,112.5,29.07,7.71,3.77,2.045,112.9
1930.002,warmUp,28.84,7.67,3.76,2.040,112.0,28.88,7.68,3.76,2.043,112.5
1932.502,warmUp,28.76,7.67,3.75,2.045,113.0,28.84,7.67,3.76,2.040,112.0
1935.001,warmUp,28.88,7.68,3.76,2.043,112.5,28.76,7.67,3.75,2.045,113.0
1937.502,warmUp,28.76,7.67,3.75,2.045,113.0,28.88,7.68,3.76,2.043,112.5
1940.002,warmUp,28.88,7.68,3.76,2.043,112.5,28.76,7.67,3.75,2.045,113.0
1942.502,warmUp,28.76,7.67,3.75,2.045,113.0,28.88,7.68,3.76,2.043,112.5
1945.002,warmUp,28.88,7.68,3.76,2.043,112.5,28.76,7.67,3.75,2.045,113.0
1947.501,warmUp,28.76,7.67,3.75,2.045,113.0,28.88,7.68,3.76,2.043,112.5
1950.002,warmUp,28.88,7.68,3.76,2.043,112.5,28.76,7.67,3.75,2.045,113.0
1952.501,warmUp,28.76,7.67,3.75,2.045,113.0,28.88,7.68,3.76,2.043,112.5
1955.001,warmUp,28.80,7.68,3.75,2.048,113.4,28.76,7.67,3.75,2.045,113.0
1957.501,warmUp,28.88,7.68,3.76,2.043,112.5,28.80,7.68,3.75,2.048,113.4
1960.002,warmUp,28.76,7.67,3.75,2.045,113.0,28.88,7.68,3.76,2.043,112.5
1962.502,warmUp,28.88,7.68,3.76,2.043,112.5,28.76,7.67,3.75,2.045,113.0
1965.002,warmUp,28.76,7.67,3.75,2.045,113.0,28.88,7.68,3.76,2.043,112.5
1967.501,warmUp,28.80,7.68,3.75,2.048,113.4,28.76,7.67,3.75,2.045,113.0
1970.001,warmUp,28.80,7.68,3.75,2.048,113.4,28.80,7.68,3.75,2.048,113.4
1972.502,warmUp,28.80,7.68,3.75,2.048,113.4,28.80,7.68,3.75,2.048,113.4
1975.002,warmUp,28.80,7.68,3.75,2.048,113.4,28.80,7.68,3.75,2.048,113.4
1977.501,warmUp,28.80,7.68,3.75,2.048,113.4,28.80,7.68,3.75,2.048,113.4
1980.001,warmUp,28.80,7.68,3.75,2.048,113.4,28.80,7.68,3.75,2.048,113.4
1982.502,warmUp,28.80,7.68,3.75,2.048,113.4,28.80,7.68,3.75,2.048,113.4
1985.002,warmUp,28.80,7.68,3.75,2.048,113.4,28.80,7.68,3.75,2.048,113.4
1987.502,warmUp,28.80,7.68,3.75,2.048,113.4,28.80,7.68,3.75,2.048,113.4
1990.002,warmUp,28.80,7.68,3.75,2.048,113.4,28.80,7.68,3.75,2.048,113.4
1992.502,warmUp,28.80,7.68,3.75,2.048,113.4,28.80,7.68,3.75,2.048,113.4
1995.001,warmUp,28.80,7.68,3.75,2.048,113.4,28.80,7.68,3.75,2.048,113.4
1997.502,warmUp,28.80,7.68,3.75,2.048,113.4,28.80,7.68,3.75,2.048,113.4
2000.002,warmUp,28.80,7.68,3.75,2.048,113.4,28.80,7.68,3.75,2.048,113.4
2002.502,warmUp,28.80,7.68,3.75,2.048,113.4,28.80,7.68,3.75,2.048,113.4
2005.001,warmUp,28.80,7.68,3.75,2.048,113.4,28.80,7.68,3.75,2.048,113.4
2007.502,warmUp,28.80,7.68,3.75,2.048,113.4,28.80,7.68,3.75,2.048,113.4
2010.002,warmUp,28.80,7.68,3.75,2.048,113.4,28.80,7.68,3.75,2.048,113.4
2012.502,warmUp,28.80,7.68,3.75,2.048,113.4,28.80,7.68,3.75,2.048,113.4
2015.002,warmUp,28.80,7.68,3.75,2.048,113.4,28.80,7.68,3.75,2.048,113.4
2017.501,warmUp,28.80,7.68,3.75,2.048,113.4,28.80,7.68,3.75,2.048,113.4
2020.001,warmUp,28.80,7.68,3.75,2.048,113.4,28.80,7.68,3.75,2.048,113.4
2022.501,warmUp,28.80,7.68,3.75,2.048,113.4,28.80,7.68,3.75,2.048,113.4
2025.001,warmUp,28.80,7.68,3.75,2.048,113.4,28.80,7.68,3.75,2.048,113.4
2027.502,warmUp,28.80,7.68,3.75,2.048,113.4,28.80,7.68,3.75,2.048,113.4
2030.001,warmUp,28.80,7.68,3.75,2.048,113.4,28.80,7.68,3.75,2.048,113.4
2032.502,warmUp,28.80,7.68,3.75,2.048,113.4,28.80,7.68,3.75,2.048,113.4
2035.002,warmUp,28.80,7.68,3.75,2.048,113.4,28.80,7.68,3.75,2.048,113.4
2037.502,warmUp,28.80,7.68,3.75,2.048,113.4,28.80,7.68,3.75,2.048,113.4
2040.002,warmUp,28.80,7.68,3.75,2.048,113.4,28.80,7.68,3.75,2.048,113.4
2042.502,warmUp,28.80,7.68,3.75,2.048,113.4,28.80,7.68,3.75,2.048,113.4
2045.001,warmUp,28.80,7.68,3.75,2.048,113.4,28.80,7.68,3.75,2.048,113.4
2047.502,warmUp,28.72,7.68,3.74,2.053,114.4,28.80,7.68,3.75,2.048,113.4
2050.002,warmUp,28.84,7.69,3.75,2.051,113.9,28.72,7.68,3.74,2.053,114.4
2052.502,warmUp,28.84,7.69,3.75,2.051,113.9,28.84,7.69,3.75,2.051,113.9
2055.001,warmUp,28.88,7.70,3.75,2.053,114.3,28.84,7.69,3.75,2.051,113.9
2057.501,warmUp,28.84,7.69,3.75,2.051,113.9,28.88,7.70,3.75,2.053,114.3
2060.001,warmUp,28.84,7.69,3.75,2.051,113.9,28.84,7.69,3.75,2.051,113.9
2062.502,warmUp,28.84,7.69,3.75,2.051,113.9,28.84,7.69,3.75,2.051,113.9
2065.002,warmUp,28.84,7.69,3.75,2.051,113.9,28.84,7.69,3.75,2.051,113.9
2067.501,warmUp,28.84,7.69,3.75,2.051,113.9,28.84,7.69,3.75,2.051,113.9
2070.002,warmUp,28.84,7.69,3.75,2.051,113.9,28.84,7.69,3.75,2.051,113.9
2072.501,warmUp,28.84,7.69,3.75,2.051,113.9,28.84,7.69,3.75,2.051,113.9
2075.002,warmUp,28.84,7.69,3.75,2.051,113.9,28.84,7.69,3.75,2.051,113.9
2077.502,warmUp,28.84,7.69,3.75,2.051,113.9,28.84,7.69,3.75,2.051,113.9
2080.002,warmUp,28.88,7.70,3.75,2.053,114.3,28.84,7.69,3.75,2.051,113.9
2082.503,warmUp,28.84,7.69,3.75,2.051,113.9,28.88,7.70,3.75,2.053,114.3
2085.002,warmUp,28.84,7.69,3.75,2.051,113.9,28.84,7.69,3.75,2.051,113.9
2087.502,warmUp,28.88,7.70,3.75,2.053,114.3,28.84,7.69,3.75,2.051,113.9
2090.002,warmUp,28.84,7.69,3.75,2.051,113.9,28.88,7.70,3.75,2.053,114.3
2092.502,warmUp,28.91,7.69,3.76,2.045,112.9,28.84,7.69,3.75,2.051,113.9
2095.002,warmUp,28.80,7.68,3.75,2.048,113.4,28.91,7.69,3.76,2.045,112.9
2097.502,warmUp,28.80,7.68,3.75,2.048,113.4,28.80,7.68,3.75,2.048,113.4
2100.002,warmUp,28.80,7.68,3.75,2.048,113.4,28.80,7.68,3.75,2.048,113.4
2102.502,warmUp,28.80,7.68,3.75,2.048,113.4,28.80,7.68,3.75,2.048,113.4
