now,stage,power,voltage,current,resistance,temperature,last-power,last-voltage,last-current,last-resistance,last-temperature
0.000,,0.00,0.00,0.00,0.000,0.0,0.00,0.00,0.00,0.000,0.0
0.000,warmUp,3.15,2.10,1.50,1.400,24.5,0.00,0.00,0.00,0.000,0.0
1.349,warmUp,33.15,6.59,5.03,1.310,8.0,0.00,0.00,0.00,0.000,0.0
2.701,warmUp,26.94,6.15,4.38,1.404,25.3,0.00,0.00,0.00,0.000,0.0
5.002,warmUp,28.73,6.37,4.51,1.412,26.8,0.00,0.00,0.00,0.000,0.0
7.502,warmUp,28.75,6.39,4.50,1.420,28.2,0.00,0.00,0.00,0.000,0.0
10.001,warmUp,28.74,6.40,4.49,1.425,29.2,0.00,0.00,0.00,0.000,0.0
12.502,warmUp,28.72,6.41,4.48,1.431,30.2,0.00,0.00,0.00,0.000,0.0
15.002,warmUp,28.74,6.43,4.47,1.438,31.6,0.00,0.00,0.00,0.000,0.0
17.502,warmUp,28.79,6.44,4.47,1.441,32.0,0.00,0.00,0.00,0.000,0.0
20.002,warmUp,28.77,6.45,4.46,1.446,33.0,0.00,0.00,0.00,0.000,0.0
22.502,warmUp,28.79,6.47,4.45,1.454,34.4,0.00,0.00,0.00,0.000,0.0
25.002,warmUp,28.84,6.48,4.45,1.456,34.8,0.00,0.00,0.00,0.000,0.0
27.502,warmUp,28.71,6.48,4.43,1.463,36.0,0.00,0.00,0.00,0.000,0.0
30.003,warmUp,28.79,6.50,4.43,1.467,36.9,0.00,0.00,0.00,0.000,0.0
32.501,warmUp,28.73,6.50,4.42,1.471,37.5,0.00,0.00,0.00,0.000,0.0
35.002,warmUp,28.82,6.52,4.42,1.475,38.3,0.00,0.00,0.00,0.000,0.0
37.501,warmUp,28.80,6.53,4.41,1.481,39.3,0.00,0.00,0.00,0.000,0.0
40.002,warmUp,28.89,6.55,4.41,1.485,40.2,0.00,0.00,0.00,0.000,0.0
42.502,warmUp,28.71,6.54,4.39,1.490,41.0,0.00,0.00,0.00,0.000,0.0
45.002,warmUp,28.73,6.56,4.38,1.498,42.4,0.00,0.00,0.00,0.000,0.0
47.502,warmUp,28.93,6.59,4.39,1.501,43.1,0.00,0.00,0.00,0.000,0.0
50.002,warmUp,28.86,6.59,4.38,1.505,43.7,0.00,0.00,0.00,0.000,0.0
52.502,warmUp,28.84,6.60,4.37,1.510,44.8,0.00,0.00,0.00,0.000,0.0
55.001,warmUp,28.78,6.60,4.36,1.514,45.4,0.00,0.00,0.00,0.000,0.0
57.502,warmUp,28.82,6.61,4.36,1.516,45.8,0.00,0.00,0.00,0.000,0.0
60.002,warmUp,28.80,6.62,4.35,1.522,46.9,0.00,0.00,0.00,0.000,0.0
62.501,warmUp,28.88,6.64,4.35,1.526,47.7,0.00,0.00,0.00,0.000,0.0
65.002,warmUp,28.82,6.64,4.34,1.530,48.4,0.00,0.00,0.00,0.000,0.0
67.502,warmUp,28.79,6.65,4.33,1.536,49.4,0.00,0.00,0.00,0.000,0.0
70.002,warmUp,28.77,6.66,4.32,1.542,50.5,0.00,0.00,0.00,0.000,0.0
72.501,warmUp,28.81,6.67,4.32,1.544,50.9,0.00,0.00,0.00,0.000,0.0
75.002,warmUp,28.75,6.67,4.31,1.548,51.6,0.00,0.00,0.00,0.000,0.0
77.502,warmUp,28.68,6.67,4.30,1.551,52.3,0.00,0.00,0.00,0.000,0.0
80.002,warmUp,28.72,6.68,4.30,1.553,52.7,0.00,0.00,0.00,0.000,0.0
82.502,warmUp,28.74,6.70,4.29,1.562,54.2,0.00,0.00,0.00,0.000,0.0
85.002,warmUp,28.79,6.71,4.29,1.564,54.6,0.00,0.00,0.00,0.000,0.0
87.502,warmUp,28.72,6.71,4.28,1.568,55.3,0.00,0.00,0.00,0.000,0.0
90.002,warmUp,28.76,6.72,4.28,1.570,55.7,0.00,0.00,0.00,0.000,0.0
92.502,warmUp,28.69,6.72,4.27,1.574,56.4,0.00,0.00,0.00,0.000,0.0
95.001,warmUp,28.71,6.74,4.26,1.582,58.0,0.00,0.00,0.00,0.000,0.0
97.502,warmUp,28.75,6.75,4.26,1.585,58.4,0.00,0.00,0.00,0.000,0.0
100.001,warmUp,28.69,6.75,4.25,1.588,59.1,0.00,0.00,0.00,0.000,0.0
102.502,warmUp,28.73,6.76,4.25,1.591,59.5,0.00,0.00,0.00,0.000,0.0
105.002,warmUp,28.77,6.77,4.25,1.593,59.9,0.00,0.00,0.00,0.000,0.0
107.501,warmUp,28.70,6.77,4.24,1.597,60.6,0.00,0.00,0.00,0.000,0.0
110.001,warmUp,28.79,6.79,4.24,1.601,61.5,0.00,0.00,0.00,0.000,0.0
112.502,warmUp,28.72,6.79,4.23,1.605,62.2,0.00,0.00,0.00,0.000,0.0
115.001,warmUp,28.76,6.80,4.23,1.608,62.6,0.00,0.00,0.00,0.000,0.0
117.501,warmUp,28.70,6.80,4.22,1.611,63.3,0.00,0.00,0.00,0.000,0.0
120.002,warmUp,28.74,6.81,4.22,1.614,63.8,0.00,0.00,0.00,0.000,0.0
122.501,warmUp,28.75,6.83,4.21,1.622,65.3,0.00,0.00,0.00,0.000,0.0
125.002,warmUp,28.75,6.83,4.21,1.622,65.3,0.00,0.00,0.00,0.000,0.0
127.501,warmUp,28.62,6.83,4.19,1.630,66.8,0.00,0.00,0.00,0.000,0.0
130.002,warmUp,28.77,6.85,4.20,1.631,66.9,0.00,0.00,0.00,0.000,0.0
132.501,warmUp,28.70,6.85,4.19,1.635,67.6,0.00,0.00,0.00,0.000,0.0
135.001,warmUp,28.72,6.87,4.18,1.644,69.2,0.00,0.00,0.00,0.000,0.0
137.502,warmUp,28.76,6.88,4.18,1.646,69.7,0.00,0.00,0.00,0.000,0.0
140.001,warmUp,28.55,6.88,4.15,1.658,71.9,0.00,0.00,0.00,0.000,0.0
142.502,warmUp,28.79,6.92,4.16,1.663,72.9,0.00,0.00,0.00,0.000,0.0
145.002,warmUp,28.72,6.92,4.15,1.667,73.6,0.00,0.00,0.00,0.000,0.0
147.502,warmUp,28.76,6.93,4.15,1.670,74.1,0.00,0.00,0.00,0.000,0.0
150.001,warmUp,28.73,6.94,4.14,1.676,75.3,0.00,0.00,0.00,0.000,0.0
152.502,warmUp,28.88,6.96,4.15,1.677,75.4,0.00,0.00,0.00,0.000,0.0
155.001,warmUp,28.74,6.96,4.13,1.685,76.9,0.00,0.00,0.00,0.000,0.0
157.501,warmUp,28.79,6.97,4.13,1.688,77.3,0.00,0.00,0.00,0.000,0.0
160.001,warmUp,28.72,6.97,4.12,1.692,78.1,0.00,0.00,0.00,0.000,0.0
162.501,warmUp,28.73,6.99,4.11,1.701,79.7,0.00,0.00,0.00,0.000,0.0
165.001,warmUp,28.84,7.00,4.12,1.699,79.4,0.00,0.00,0.00,0.000,0.0
167.502,warmUp,28.77,7.00,4.11,1.703,80.2,0.00,0.00,0.00,0.000,0.0
170.002,warmUp,28.56,7.00,4.08,1.716,82.5,0.00,0.00,0.00,0.000,0.0
172.502,warmUp,28.86,7.04,4.10,1.717,82.7,0.00,0.00,0.00,0.000,0.0
175.002,warmUp,28.51,7.04,4.05,1.738,86.6,0.00,0.00,0.00,0.000,0.0
177.502,warmUp,29.10,7.08,4.11,1.723,83.8,0.00,0.00,0.00,0.000,0.0
