now,stage,power,voltage,current,resistance,temperature,last.power,last.voltage,last.current,last.resistance,last.temperature
0.000,,0.00,0.00,0.00,0.000,0.0,0.00,0.00,0.00,0.000,0.0
0.000,warmUp,3.15,2.10,1.50,1.400,25.0,0.00,0.00,0.00,0.000,0.0
1.349,warmUp,33.15,6.59,5.03,1.310,8.3,3.15,2.10,1.50,1.400,25.0
2.702,warmUp,26.94,6.15,4.38,1.404,25.8,33.15,6.59,5.03,1.310,8.3
5.002,warmUp,28.73,6.37,4.51,1.412,27.3,26.94,6.15,4.38,1.404,25.8
7.502,warmUp,28.75,6.39,4.50,1.420,28.7,28.73,6.37,4.51,1.412,27.3
10.002,warmUp,28.74,6.40,4.49,1.425,29.7,28.75,6.39,4.50,1.420,28.7
12.502,warmUp,28.72,6.41,4.48,1.431,30.7,28.74,6.40,4.49,1.425,29.7
15.002,warmUp,28.74,6.43,4.47,1.438,32.1,28.72,6.41,4.48,1.431,30.7
17.502,warmUp,28.72,6.44,4.46,1.444,33.1,28.74,6.43,4.47,1.438,32.1
20.002,warmUp,28.88,6.46,4.47,1.445,33.4,28.72,6.44,4.46,1.444,33.1
22.502,warmUp,28.75,6.46,4.45,1.452,34.6,28.88,6.46,4.47,1.445,33.4
25.002,warmUp,28.68,6.46,4.44,1.455,35.2,28.75,6.46,4.45,1.452,34.6
27.502,warmUp,28.71,6.48,4.43,1.463,36.6,28.68,6.46,4.44,1.455,35.2
30.002,warmUp,28.79,6.50,4.43,1.467,37.5,28.71,6.48,4.43,1.463,36.6
32.502,warmUp,28.73,6.50,4.42,1.471,38.1,28.79,6.50,4.43,1.467,37.5
35.002,warmUp,28.75,6.52,4.41,1.478,39.5,28.73,6.50,4.42,1.471,38.1
37.502,warmUp,28.80,6.53,4.41,1.481,40.0,28.75,6.52,4.41,1.478,39.5
40.002,warmUp,28.89,6.55,4.41,1.485,40.8,28.80,6.53,4.41,1.481,40.0
42.502,warmUp,28.71,6.54,4.39,1.490,41.6,28.89,6.55,4.41,1.485,40.8
45.002,warmUp,28.80,6.56,4.39,1.494,42.5,28.71,6.54,4.39,1.490,41.6
47.501,warmUp,28.78,6.57,4.38,1.500,43.5,28.80,6.56,4.39,1.494,42.5
50.001,warmUp,28.86,6.59,4.38,1.505,44.4,28.78,6.57,4.38,1.500,43.5
52.501,warmUp,28.84,6.60,4.37,1.510,45.4,28.86,6.59,4.38,1.505,44.4
55.002,warmUp,28.78,6.60,4.36,1.514,46.1,28.84,6.60,4.37,1.510,45.4
57.501,warmUp,28.82,6.61,4.36,1.516,46.5,28.78,6.60,4.36,1.514,46.1
60.002,warmUp,28.80,6.62,4.35,1.522,47.6,28.82,6.61,4.36,1.516,46.5
62.502,warmUp,28.88,6.64,4.35,1.526,48.4,28.80,6.62,4.35,1.522,47.6
65.002,warmUp,28.82,6.64,4.34,1.530,49.1,28.88,6.64,4.35,1.526,48.4
67.502,warmUp,28.86,6.65,4.34,1.532,49.5,28.82,6.64,4.34,1.530,49.1
70.002,warmUp,28.73,6.65,4.32,1.539,50.8,28.86,6.65,4.34,1.532,49.5
72.502,warmUp,28.81,6.67,4.32,1.544,51.7,28.73,6.65,4.32,1.539,50.8
75.002,warmUp,28.75,6.67,4.31,1.548,52.3,28.81,6.67,4.32,1.544,51.7
77.502,warmUp,28.68,6.67,4.30,1.551,53.0,28.75,6.67,4.31,1.548,52.3
80.001,warmUp,28.72,6.68,4.30,1.553,53.4,28.68,6.67,4.30,1.551,53.0
82.502,warmUp,28.74,6.70,4.29,1.562,55.0,28.72,6.68,4.30,1.553,53.4
85.001,warmUp,28.79,6.71,4.29,1.564,55.4,28.74,6.70,4.29,1.562,55.0
87.501,warmUp,28.72,6.71,4.28,1.568,56.1,28.79,6.71,4.29,1.564,55.4
90.001,warmUp,28.76,6.72,4.28,1.570,56.5,28.72,6.71,4.28,1.568,56.1
92.502,warmUp,28.69,6.72,4.27,1.574,57.2,28.76,6.72,4.28,1.570,56.5
95.002,warmUp,28.74,6.73,4.27,1.576,57.6,28.69,6.72,4.27,1.574,57.2
97.502,warmUp,28.82,6.75,4.27,1.581,58.5,28.74,6.73,4.27,1.576,57.6
100.001,warmUp,28.75,6.75,4.26,1.585,59.2,28.82,6.75,4.27,1.581,58.5
102.502,warmUp,28.69,6.75,4.25,1.588,59.9,28.75,6.75,4.26,1.585,59.2
105.001,warmUp,28.73,6.76,4.25,1.591,60.3,28.69,6.75,4.25,1.588,59.9
107.502,warmUp,28.77,6.77,4.25,1.593,60.8,28.73,6.76,4.25,1.591,60.3
110.002,warmUp,28.64,6.77,4.23,1.600,62.2,28.77,6.77,4.25,1.593,60.8
112.502,warmUp,28.68,6.78,4.23,1.603,62.6,28.64,6.77,4.23,1.600,62.2
115.002,warmUp,28.61,6.78,4.22,1.607,63.3,28.68,6.78,4.23,1.603,62.6
117.502,warmUp,28.70,6.80,4.22,1.611,64.2,28.61,6.78,4.22,1.607,63.3
120.001,warmUp,28.74,6.81,4.22,1.614,64.6,28.70,6.80,4.22,1.611,64.2
122.502,warmUp,28.82,6.83,4.22,1.618,65.5,28.74,6.81,4.22,1.614,64.6
125.001,warmUp,28.75,6.83,4.21,1.622,66.2,28.82,6.83,4.22,1.618,65.5
127.501,warmUp,28.69,6.83,4.20,1.626,66.9,28.75,6.83,4.21,1.622,66.2
130.002,warmUp,28.73,6.84,4.20,1.629,67.4,28.69,6.83,4.20,1.626,66.9
132.501,warmUp,28.77,6.85,4.20,1.631,67.8,28.73,6.84,4.20,1.629,67.4
135.002,warmUp,28.70,6.85,4.19,1.635,68.5,28.77,6.85,4.20,1.631,67.8
137.502,warmUp,28.79,6.87,4.19,1.640,69.4,28.70,6.85,4.19,1.635,68.5
140.002,warmUp,28.83,6.88,4.19,1.642,69.8,28.79,6.87,4.19,1.640,69.4
142.502,warmUp,28.83,6.88,4.19,1.642,69.8,28.83,6.88,4.19,1.642,69.8
145.002,warmUp,28.76,6.88,4.18,1.646,70.6,28.83,6.88,4.19,1.642,69.8
147.502,warmUp,28.69,6.88,4.17,1.650,71.3,28.76,6.88,4.18,1.646,70.6
150.002,warmUp,28.73,6.89,4.17,1.652,71.8,28.69,6.88,4.17,1.650,71.3
152.501,warmUp,28.81,6.91,4.17,1.657,72.6,28.73,6.89,4.17,1.652,71.8
155.002,warmUp,28.86,6.92,4.17,1.659,73.1,28.81,6.91,4.17,1.657,72.6
157.502,warmUp,28.79,6.92,4.16,1.663,73.8,28.86,6.92,4.17,1.659,73.1
160.002,warmUp,28.72,6.92,4.15,1.667,74.6,28.79,6.92,4.16,1.663,73.8
162.502,warmUp,28.76,6.93,4.15,1.670,75.0,28.72,6.92,4.15,1.667,74.6
165.001,warmUp,28.76,6.93,4.15,1.670,75.0,28.76,6.93,4.15,1.670,75.0
167.502,warmUp,28.69,6.93,4.14,1.674,75.8,28.76,6.93,4.15,1.670,75.0
170.002,warmUp,28.77,6.95,4.14,1.679,76.7,28.69,6.93,4.14,1.674,75.8
172.501,warmUp,28.81,6.96,4.14,1.681,77.1,28.77,6.95,4.14,1.679,76.7
175.002,warmUp,28.74,6.96,4.13,1.685,77.9,28.81,6.96,4.14,1.681,77.1
177.501,warmUp,28.79,6.97,4.13,1.688,78.3,28.74,6.96,4.13,1.685,77.9
180.001,warmUp,28.51,6.97,4.09,1.704,81.4,28.79,6.97,4.13,1.688,78.3
182.501,warmUp,28.63,7.00,4.09,1.711,82.7,28.51,6.97,4.09,1.704,81.4
185.002,warmUp,28.71,7.02,4.09,1.716,83.6,28.63,7.00,4.09,1.711,82.7
187.502,warmUp,28.65,7.04,4.07,1.730,86.1,28.71,7.02,4.09,1.716,83.6
190.002,warmUp,28.88,7.06,4.09,1.726,85.4,28.65,7.04,4.07,1.730,86.1
192.502,warmUp,28.62,7.05,4.06,1.736,87.4,28.88,7.06,4.09,1.726,85.4
195.002,warmUp,28.89,7.08,4.08,1.735,87.1,28.62,7.05,4.06,1.736,87.4
197.501,warmUp,28.82,7.08,4.07,1.740,87.9,28.89,7.08,4.08,1.735,87.1
200.002,warmUp,28.77,7.07,4.07,1.737,87.5,28.82,7.08,4.07,1.740,87.9
202.502,warmUp,28.74,7.08,4.06,1.744,88.7,28.77,7.07,4.07,1.737,87.5
205.002,warmUp,28.86,7.09,4.07,1.742,88.4,28.74,7.08,4.06,1.744,88.7
207.501,warmUp,28.63,7.07,4.05,1.746,89.1,28.86,7.09,4.07,1.742,88.4
210.002,warmUp,28.79,7.09,4.06,1.746,89.2,28.63,7.07,4.05,1.746,89.1
212.501,warmUp,28.71,7.09,4.05,1.751,90.0,28.79,7.09,4.06,1.746,89.2
215.002,warmUp,28.75,7.10,4.05,1.753,90.4,28.71,7.09,4.05,1.751,90.0
217.502,warmUp,28.84,7.12,4.05,1.758,91.4,28.75,7.10,4.05,1.753,90.4
